[ 2018-06-02T08:47:33+08:00 ] 10.6.0.9 /tp/index.php/Admin/Email/getCount.html
INFO: [ app_init ] --START--
INFO: Run Behavior\BuildLiteBehavior [ RunTime:0.000008s ]
INFO: [ app_init ] --END-- [ RunTime:0.000060s ]
ERR: 无法加载模块:Index.php

[ 2018-06-02T08:47:36+08:00 ] 10.6.0.9 /tp/index.php/Admin/Email/getCount.html
INFO: [ app_init ] --START--
INFO: Run Behavior\BuildLiteBehavior [ RunTime:0.000013s ]
INFO: [ app_init ] --END-- [ RunTime:0.000087s ]
ERR: 无法加载模块:Index.php

[ 2018-06-02T08:47:39+08:00 ] 10.6.0.9 /tp/index.php/Admin/Email/getCount.html
INFO: [ app_init ] --START--
INFO: Run Behavior\BuildLiteBehavior [ RunTime:0.000006s ]
INFO: [ app_init ] --END-- [ RunTime:0.000049s ]
ERR: 无法加载模块:Index.php

[ 2018-06-02T08:47:42+08:00 ] 10.6.0.9 /tp/index.php/Admin/Email/getCount.html
INFO: [ app_init ] --START--
INFO: Run Behavior\BuildLiteBehavior [ RunTime:0.000008s ]
INFO: [ app_init ] --END-- [ RunTime:0.000067s ]
ERR: 无法加载模块:Index.php

[ 2018-06-02T08:47:45+08:00 ] 10.6.0.9 /tp/index.php/Admin/Email/getCount.html
INFO: [ app_init ] --START--
INFO: Run Behavior\BuildLiteBehavior [ RunTime:0.000007s ]
INFO: [ app_init ] --END-- [ RunTime:0.000050s ]
ERR: 无法加载模块:Index.php

[ 2018-06-02T08:47:48+08:00 ] 10.6.0.9 /tp/index.php/Admin/Email/getCount.html
INFO: [ app_init ] --START--
INFO: Run Behavior\BuildLiteBehavior [ RunTime:0.000008s ]
INFO: [ app_init ] --END-- [ RunTime:0.000066s ]
ERR: 无法加载模块:Index.php

[ 2018-06-02T08:47:51+08:00 ] 10.6.0.9 /tp/index.php/Admin/Email/getCount.html
INFO: [ app_init ] --START--
INFO: Run Behavior\BuildLiteBehavior [ RunTime:0.000007s ]
INFO: [ app_init ] --END-- [ RunTime:0.000054s ]
ERR: 无法加载模块:Index.php

[ 2018-06-02T08:47:54+08:00 ] 10.6.0.9 /tp/index.php/Admin/Email/getCount.html
INFO: [ app_init ] --START--
INFO: Run Behavior\BuildLiteBehavior [ RunTime:0.000009s ]
INFO: [ app_init ] --END-- [ RunTime:0.000053s ]
ERR: 无法加载模块:Index.php

[ 2018-06-02T08:47:57+08:00 ] 10.6.0.9 /tp/index.php/Admin/Email/getCount.html
INFO: [ app_init ] --START--
INFO: Run Behavior\BuildLiteBehavior [ RunTime:0.000021s ]
INFO: [ app_init ] --END-- [ RunTime:0.000129s ]
ERR: 无法加载模块:Index.php

[ 2018-06-02T08:48:00+08:00 ] 10.6.0.9 /tp/index.php/Admin/Email/getCount.html
INFO: [ app_init ] --START--
INFO: Run Behavior\BuildLiteBehavior [ RunTime:0.000015s ]
INFO: [ app_init ] --END-- [ RunTime:0.000131s ]
ERR: 无法加载模块:Index.php

[ 2018-06-02T08:48:03+08:00 ] 10.6.0.9 /tp/index.php/Admin/Email/getCount.html
INFO: [ app_init ] --START--
INFO: Run Behavior\BuildLiteBehavior [ RunTime:0.000036s ]
INFO: [ app_init ] --END-- [ RunTime:0.000251s ]
ERR: 无法加载模块:Index.php

[ 2018-06-02T08:48:06+08:00 ] 10.6.0.9 /tp/index.php/Admin/Email/getCount.html
INFO: [ app_init ] --START--
INFO: Run Behavior\BuildLiteBehavior [ RunTime:0.000010s ]
INFO: [ app_init ] --END-- [ RunTime:0.000068s ]
ERR: 无法加载模块:Index.php

[ 2018-06-02T08:48:09+08:00 ] 10.6.0.9 /tp/index.php/Admin/Email/getCount.html
INFO: [ app_init ] --START--
INFO: Run Behavior\BuildLiteBehavior [ RunTime:0.000015s ]
INFO: [ app_init ] --END-- [ RunTime:0.000095s ]
ERR: 无法加载模块:Index.php

[ 2018-06-02T08:48:12+08:00 ] 10.6.0.9 /tp/index.php/Admin/Email/getCount.html
INFO: [ app_init ] --START--
INFO: Run Behavior\BuildLiteBehavior [ RunTime:0.000031s ]
INFO: [ app_init ] --END-- [ RunTime:0.000179s ]
ERR: 无法加载模块:Index.php

[ 2018-06-02T08:48:15+08:00 ] 10.6.0.9 /tp/index.php/Admin/Email/getCount.html
INFO: [ app_init ] --START--
INFO: Run Behavior\BuildLiteBehavior [ RunTime:0.000009s ]
INFO: [ app_init ] --END-- [ RunTime:0.000066s ]
ERR: 无法加载模块:Index.php

[ 2018-06-02T08:48:18+08:00 ] 10.6.0.9 /tp/index.php/Admin/Email/getCount.html
INFO: [ app_init ] --START--
INFO: Run Behavior\BuildLiteBehavior [ RunTime:0.000009s ]
INFO: [ app_init ] --END-- [ RunTime:0.000060s ]
ERR: 无法加载模块:Index.php

[ 2018-06-02T08:48:21+08:00 ] 10.6.0.9 /tp/index.php/Admin/Email/getCount.html
INFO: [ app_init ] --START--
INFO: Run Behavior\BuildLiteBehavior [ RunTime:0.000009s ]
INFO: [ app_init ] --END-- [ RunTime:0.000067s ]
ERR: 无法加载模块:Index.php

[ 2018-06-02T08:48:24+08:00 ] 10.6.0.9 /tp/index.php/Admin/Email/getCount.html
INFO: [ app_init ] --START--
INFO: Run Behavior\BuildLiteBehavior [ RunTime:0.000010s ]
INFO: [ app_init ] --END-- [ RunTime:0.000077s ]
ERR: 无法加载模块:Index.php

[ 2018-06-02T08:48:27+08:00 ] 10.6.0.9 /tp/index.php/Admin/Email/getCount.html
INFO: [ app_init ] --START--
INFO: Run Behavior\BuildLiteBehavior [ RunTime:0.000025s ]
INFO: [ app_init ] --END-- [ RunTime:0.000229s ]
ERR: 无法加载模块:Index.php

[ 2018-06-02T08:48:30+08:00 ] 10.6.0.9 /tp/index.php/Admin/Email/getCount.html
INFO: [ app_init ] --START--
INFO: Run Behavior\BuildLiteBehavior [ RunTime:0.000015s ]
INFO: [ app_init ] --END-- [ RunTime:0.000087s ]
ERR: 无法加载模块:Index.php

[ 2018-06-02T08:48:33+08:00 ] 10.6.0.9 /tp/index.php/Admin/Email/getCount.html
INFO: [ app_init ] --START--
INFO: Run Behavior\BuildLiteBehavior [ RunTime:0.000011s ]
INFO: [ app_init ] --END-- [ RunTime:0.000069s ]
ERR: 无法加载模块:Index.php

[ 2018-06-02T08:48:36+08:00 ] 10.6.0.9 /tp/index.php/Admin/Email/getCount.html
INFO: [ app_init ] --START--
INFO: Run Behavior\BuildLiteBehavior [ RunTime:0.000010s ]
INFO: [ app_init ] --END-- [ RunTime:0.000071s ]
ERR: 无法加载模块:Index.php

[ 2018-06-02T08:48:39+08:00 ] 10.6.0.9 /tp/index.php/Admin/Email/getCount.html
INFO: [ app_init ] --START--
INFO: Run Behavior\BuildLiteBehavior [ RunTime:0.000006s ]
INFO: [ app_init ] --END-- [ RunTime:0.000040s ]
ERR: 无法加载模块:Index.php

[ 2018-06-02T08:48:42+08:00 ] 10.6.0.9 /tp/index.php/Admin/Email/getCount.html
INFO: [ app_init ] --START--
INFO: Run Behavior\BuildLiteBehavior [ RunTime:0.000018s ]
INFO: [ app_init ] --END-- [ RunTime:0.000103s ]
ERR: 无法加载模块:Index.php

[ 2018-06-02T08:48:45+08:00 ] 10.6.0.9 /tp/index.php/Admin/Email/getCount.html
INFO: [ app_init ] --START--
INFO: Run Behavior\BuildLiteBehavior [ RunTime:0.000012s ]
INFO: [ app_init ] --END-- [ RunTime:0.000085s ]
ERR: 无法加载模块:Index.php

[ 2018-06-02T08:48:48+08:00 ] 10.6.0.9 /tp/index.php/Admin/Email/getCount.html
INFO: [ app_init ] --START--
INFO: Run Behavior\BuildLiteBehavior [ RunTime:0.000046s ]
INFO: [ app_init ] --END-- [ RunTime:0.000985s ]
ERR: 无法加载模块:Index.php

[ 2018-06-02T08:48:51+08:00 ] 10.6.0.9 /tp/index.php/Admin/Email/getCount.html
INFO: [ app_init ] --START--
INFO: Run Behavior\BuildLiteBehavior [ RunTime:0.000009s ]
INFO: [ app_init ] --END-- [ RunTime:0.000068s ]
ERR: 无法加载模块:Index.php

[ 2018-06-02T08:48:54+08:00 ] 10.6.0.9 /tp/index.php/Admin/Email/getCount.html
INFO: [ app_init ] --START--
INFO: Run Behavior\BuildLiteBehavior [ RunTime:0.000022s ]
INFO: [ app_init ] --END-- [ RunTime:0.000163s ]
ERR: 无法加载模块:Index.php

[ 2018-06-02T08:48:57+08:00 ] 10.6.0.9 /tp/index.php/Admin/Email/getCount.html
INFO: [ app_init ] --START--
INFO: Run Behavior\BuildLiteBehavior [ RunTime:0.000012s ]
INFO: [ app_init ] --END-- [ RunTime:0.000082s ]
ERR: 无法加载模块:Index.php

[ 2018-06-02T08:49:00+08:00 ] 10.6.0.9 /tp/index.php/Admin/Email/getCount.html
INFO: [ app_init ] --START--
INFO: Run Behavior\BuildLiteBehavior [ RunTime:0.000020s ]
INFO: [ app_init ] --END-- [ RunTime:0.000134s ]
ERR: 无法加载模块:Index.php

[ 2018-06-02T08:49:03+08:00 ] 10.6.0.9 /tp/index.php/Admin/Email/getCount.html
INFO: [ app_init ] --START--
INFO: Run Behavior\BuildLiteBehavior [ RunTime:0.000017s ]
INFO: [ app_init ] --END-- [ RunTime:0.000099s ]
ERR: 无法加载模块:Index.php

[ 2018-06-02T08:49:06+08:00 ] 10.6.0.9 /tp/index.php/Admin/Email/getCount.html
INFO: [ app_init ] --START--
INFO: Run Behavior\BuildLiteBehavior [ RunTime:0.000017s ]
INFO: [ app_init ] --END-- [ RunTime:0.000120s ]
ERR: 无法加载模块:Index.php

[ 2018-06-02T08:49:09+08:00 ] 10.6.0.9 /tp/index.php/Admin/Email/getCount.html
INFO: [ app_init ] --START--
INFO: Run Behavior\BuildLiteBehavior [ RunTime:0.000011s ]
INFO: [ app_init ] --END-- [ RunTime:0.000079s ]
ERR: 无法加载模块:Index.php

[ 2018-06-02T08:49:12+08:00 ] 10.6.0.9 /tp/index.php/Admin/Email/getCount.html
INFO: [ app_init ] --START--
INFO: Run Behavior\BuildLiteBehavior [ RunTime:0.000013s ]
INFO: [ app_init ] --END-- [ RunTime:0.000271s ]
ERR: 无法加载模块:Index.php

[ 2018-06-02T08:49:15+08:00 ] 10.6.0.9 /tp/index.php/Admin/Email/getCount.html
INFO: [ app_init ] --START--
INFO: Run Behavior\BuildLiteBehavior [ RunTime:0.000008s ]
INFO: [ app_init ] --END-- [ RunTime:0.000059s ]
ERR: 无法加载模块:Index.php

[ 2018-06-02T08:49:18+08:00 ] 10.6.0.9 /tp/index.php/Admin/Email/getCount.html
INFO: [ app_init ] --START--
INFO: Run Behavior\BuildLiteBehavior [ RunTime:0.000013s ]
INFO: [ app_init ] --END-- [ RunTime:0.000090s ]
ERR: 无法加载模块:Index.php

[ 2018-06-02T08:49:21+08:00 ] 10.6.0.9 /tp/index.php/Admin/Email/getCount.html
INFO: [ app_init ] --START--
INFO: Run Behavior\BuildLiteBehavior [ RunTime:0.000007s ]
INFO: [ app_init ] --END-- [ RunTime:0.000050s ]
ERR: 无法加载模块:Index.php

[ 2018-06-02T08:49:24+08:00 ] 10.6.0.9 /tp/index.php/Admin/Email/getCount.html
INFO: [ app_init ] --START--
INFO: Run Behavior\BuildLiteBehavior [ RunTime:0.000014s ]
INFO: [ app_init ] --END-- [ RunTime:0.000111s ]
ERR: 无法加载模块:Index.php

[ 2018-06-02T08:49:27+08:00 ] 10.6.0.9 /tp/index.php/Admin/Email/getCount.html
INFO: [ app_init ] --START--
INFO: Run Behavior\BuildLiteBehavior [ RunTime:0.000010s ]
INFO: [ app_init ] --END-- [ RunTime:0.000080s ]
ERR: 无法加载模块:Index.php

[ 2018-06-02T08:49:30+08:00 ] 10.6.0.9 /tp/index.php/Admin/Email/getCount.html
INFO: [ app_init ] --START--
INFO: Run Behavior\BuildLiteBehavior [ RunTime:0.000006s ]
INFO: [ app_init ] --END-- [ RunTime:0.000051s ]
ERR: 无法加载模块:Index.php

[ 2018-06-02T08:49:33+08:00 ] 10.6.0.9 /tp/index.php/Admin/Email/getCount.html
INFO: [ app_init ] --START--
INFO: Run Behavior\BuildLiteBehavior [ RunTime:0.000013s ]
INFO: [ app_init ] --END-- [ RunTime:0.000134s ]
ERR: 无法加载模块:Index.php

[ 2018-06-02T08:49:36+08:00 ] 10.6.0.9 /tp/index.php/Admin/Email/getCount.html
INFO: [ app_init ] --START--
INFO: Run Behavior\BuildLiteBehavior [ RunTime:0.000018s ]
INFO: [ app_init ] --END-- [ RunTime:0.000118s ]
ERR: 无法加载模块:Index.php

[ 2018-06-02T08:49:39+08:00 ] 10.6.0.9 /tp/index.php/Admin/Email/getCount.html
INFO: [ app_init ] --START--
INFO: Run Behavior\BuildLiteBehavior [ RunTime:0.000006s ]
INFO: [ app_init ] --END-- [ RunTime:0.000046s ]
ERR: 无法加载模块:Index.php

[ 2018-06-02T08:49:42+08:00 ] 10.6.0.9 /tp/index.php/Admin/Email/getCount.html
INFO: [ app_init ] --START--
INFO: Run Behavior\BuildLiteBehavior [ RunTime:0.000008s ]
INFO: [ app_init ] --END-- [ RunTime:0.000054s ]
ERR: 无法加载模块:Index.php

[ 2018-06-02T08:49:45+08:00 ] 10.6.0.9 /tp/index.php/Admin/Email/getCount.html
INFO: [ app_init ] --START--
INFO: Run Behavior\BuildLiteBehavior [ RunTime:0.000006s ]
INFO: [ app_init ] --END-- [ RunTime:0.000045s ]
ERR: 无法加载模块:Index.php

[ 2018-06-02T08:49:48+08:00 ] 10.6.0.9 /tp/index.php/Admin/Email/getCount.html
INFO: [ app_init ] --START--
INFO: Run Behavior\BuildLiteBehavior [ RunTime:0.000008s ]
INFO: [ app_init ] --END-- [ RunTime:0.000061s ]
ERR: 无法加载模块:Index.php

[ 2018-06-02T08:49:51+08:00 ] 10.6.0.9 /tp/index.php/Admin/Email/getCount.html
INFO: [ app_init ] --START--
INFO: Run Behavior\BuildLiteBehavior [ RunTime:0.000020s ]
INFO: [ app_init ] --END-- [ RunTime:0.000118s ]
ERR: 无法加载模块:Index.php

[ 2018-06-02T08:49:54+08:00 ] 10.6.0.9 /tp/index.php/Admin/Email/getCount.html
INFO: [ app_init ] --START--
INFO: Run Behavior\BuildLiteBehavior [ RunTime:0.000007s ]
INFO: [ app_init ] --END-- [ RunTime:0.000048s ]
ERR: 无法加载模块:Index.php

[ 2018-06-02T08:49:57+08:00 ] 10.6.0.9 /tp/index.php/Admin/Email/getCount.html
INFO: [ app_init ] --START--
INFO: Run Behavior\BuildLiteBehavior [ RunTime:0.000008s ]
INFO: [ app_init ] --END-- [ RunTime:0.000064s ]
ERR: 无法加载模块:Index.php

[ 2018-06-02T08:50:00+08:00 ] 10.6.0.9 /tp/index.php/Admin/Email/getCount.html
INFO: [ app_init ] --START--
INFO: Run Behavior\BuildLiteBehavior [ RunTime:0.000018s ]
INFO: [ app_init ] --END-- [ RunTime:0.000116s ]
ERR: 无法加载模块:Index.php

[ 2018-06-02T08:50:03+08:00 ] 10.6.0.9 /tp/index.php/Admin/Email/getCount.html
INFO: [ app_init ] --START--
INFO: Run Behavior\BuildLiteBehavior [ RunTime:0.000031s ]
INFO: [ app_init ] --END-- [ RunTime:0.000193s ]
ERR: 无法加载模块:Index.php

[ 2018-06-02T08:50:06+08:00 ] 10.6.0.9 /tp/index.php/Admin/Email/getCount.html
INFO: [ app_init ] --START--
INFO: Run Behavior\BuildLiteBehavior [ RunTime:0.000008s ]
INFO: [ app_init ] --END-- [ RunTime:0.000057s ]
ERR: 无法加载模块:Index.php

[ 2018-06-02T08:50:09+08:00 ] 10.6.0.9 /tp/index.php/Admin/Email/getCount.html
INFO: [ app_init ] --START--
INFO: Run Behavior\BuildLiteBehavior [ RunTime:0.000010s ]
INFO: [ app_init ] --END-- [ RunTime:0.000072s ]
ERR: 无法加载模块:Index.php

[ 2018-06-02T08:50:12+08:00 ] 10.6.0.9 /tp/index.php/Admin/Email/getCount.html
INFO: [ app_init ] --START--
INFO: Run Behavior\BuildLiteBehavior [ RunTime:0.000023s ]
INFO: [ app_init ] --END-- [ RunTime:0.000149s ]
ERR: 无法加载模块:Index.php

[ 2018-06-02T08:50:15+08:00 ] 10.6.0.9 /tp/index.php/Admin/Email/getCount.html
INFO: [ app_init ] --START--
INFO: Run Behavior\BuildLiteBehavior [ RunTime:0.000014s ]
INFO: [ app_init ] --END-- [ RunTime:0.000104s ]
ERR: 无法加载模块:Index.php

[ 2018-06-02T08:50:18+08:00 ] 10.6.0.9 /tp/index.php/Admin/Email/getCount.html
INFO: [ app_init ] --START--
INFO: Run Behavior\BuildLiteBehavior [ RunTime:0.000007s ]
INFO: [ app_init ] --END-- [ RunTime:0.000064s ]
ERR: 无法加载模块:Index.php

[ 2018-06-02T08:50:21+08:00 ] 10.6.0.9 /tp/index.php/Admin/Email/getCount.html
INFO: [ app_init ] --START--
INFO: Run Behavior\BuildLiteBehavior [ RunTime:0.000008s ]
INFO: [ app_init ] --END-- [ RunTime:0.000059s ]
ERR: 无法加载模块:Index.php

[ 2018-06-02T08:50:25+08:00 ] 10.6.0.9 /tp/index.php/Admin/Email/getCount.html
INFO: [ app_init ] --START--
INFO: Run Behavior\BuildLiteBehavior [ RunTime:0.000015s ]
INFO: [ app_init ] --END-- [ RunTime:0.000115s ]
ERR: 无法加载模块:Index.php

[ 2018-06-02T08:50:28+08:00 ] 10.6.0.9 /tp/index.php/Admin/Email/getCount.html
INFO: [ app_init ] --START--
INFO: Run Behavior\BuildLiteBehavior [ RunTime:0.000006s ]
INFO: [ app_init ] --END-- [ RunTime:0.000044s ]
ERR: 无法加载模块:Index.php

[ 2018-06-02T08:50:31+08:00 ] 10.6.0.9 /tp/index.php/Admin/Email/getCount.html
INFO: [ app_init ] --START--
INFO: Run Behavior\BuildLiteBehavior [ RunTime:0.000006s ]
INFO: [ app_init ] --END-- [ RunTime:0.000047s ]
ERR: 无法加载模块:Index.php

[ 2018-06-02T08:50:34+08:00 ] 10.6.0.9 /tp/index.php/Admin/Email/getCount.html
INFO: [ app_init ] --START--
INFO: Run Behavior\BuildLiteBehavior [ RunTime:0.000014s ]
INFO: [ app_init ] --END-- [ RunTime:0.000104s ]
ERR: 无法加载模块:Index.php

[ 2018-06-02T08:50:37+08:00 ] 10.6.0.9 /tp/index.php/Admin/Email/getCount.html
INFO: [ app_init ] --START--
INFO: Run Behavior\BuildLiteBehavior [ RunTime:0.000010s ]
INFO: [ app_init ] --END-- [ RunTime:0.000067s ]
ERR: 无法加载模块:Index.php

[ 2018-06-02T08:50:40+08:00 ] 10.6.0.9 /tp/index.php/Admin/Email/getCount.html
INFO: [ app_init ] --START--
INFO: Run Behavior\BuildLiteBehavior [ RunTime:0.000009s ]
INFO: [ app_init ] --END-- [ RunTime:0.000074s ]
ERR: 无法加载模块:Index.php

[ 2018-06-02T08:50:43+08:00 ] 10.6.0.9 /tp/index.php/Admin/Email/getCount.html
INFO: [ app_init ] --START--
INFO: Run Behavior\BuildLiteBehavior [ RunTime:0.000006s ]
INFO: [ app_init ] --END-- [ RunTime:0.000053s ]
ERR: 无法加载模块:Index.php

[ 2018-06-02T08:50:46+08:00 ] 10.6.0.9 /tp/index.php/Admin/Email/getCount.html
INFO: [ app_init ] --START--
INFO: Run Behavior\BuildLiteBehavior [ RunTime:0.000011s ]
INFO: [ app_init ] --END-- [ RunTime:0.000071s ]
ERR: 无法加载模块:Index.php

[ 2018-06-02T08:50:49+08:00 ] 10.6.0.9 /tp/index.php/Admin/Email/getCount.html
INFO: [ app_init ] --START--
INFO: Run Behavior\BuildLiteBehavior [ RunTime:0.000012s ]
INFO: [ app_init ] --END-- [ RunTime:0.000087s ]
ERR: 无法加载模块:Index.php

[ 2018-06-02T08:50:52+08:00 ] 10.6.0.9 /tp/index.php/Admin/Email/getCount.html
INFO: [ app_init ] --START--
INFO: Run Behavior\BuildLiteBehavior [ RunTime:0.000011s ]
INFO: [ app_init ] --END-- [ RunTime:0.000076s ]
ERR: 无法加载模块:Index.php

[ 2018-06-02T08:50:55+08:00 ] 10.6.0.9 /tp/index.php/Admin/Email/getCount.html
INFO: [ app_init ] --START--
INFO: Run Behavior\BuildLiteBehavior [ RunTime:0.000010s ]
INFO: [ app_init ] --END-- [ RunTime:0.000075s ]
ERR: 无法加载模块:Index.php

[ 2018-06-02T08:50:58+08:00 ] 10.6.0.9 /tp/index.php/Admin/Email/getCount.html
INFO: [ app_init ] --START--
INFO: Run Behavior\BuildLiteBehavior [ RunTime:0.000007s ]
INFO: [ app_init ] --END-- [ RunTime:0.000056s ]
ERR: 无法加载模块:Index.php

[ 2018-06-02T08:51:01+08:00 ] 10.6.0.9 /tp/index.php/Admin/Email/getCount.html
INFO: [ app_init ] --START--
INFO: Run Behavior\BuildLiteBehavior [ RunTime:0.000013s ]
INFO: [ app_init ] --END-- [ RunTime:0.000106s ]
ERR: 无法加载模块:Index.php

[ 2018-06-02T08:51:04+08:00 ] 10.6.0.9 /tp/index.php/Admin/Email/getCount.html
INFO: [ app_init ] --START--
INFO: Run Behavior\BuildLiteBehavior [ RunTime:0.000008s ]
INFO: [ app_init ] --END-- [ RunTime:0.000058s ]
ERR: 无法加载模块:Index.php

[ 2018-06-02T08:51:07+08:00 ] 10.6.0.9 /tp/index.php/Admin/Email/getCount.html
INFO: [ app_init ] --START--
INFO: Run Behavior\BuildLiteBehavior [ RunTime:0.000011s ]
INFO: [ app_init ] --END-- [ RunTime:0.000089s ]
ERR: 无法加载模块:Index.php

[ 2018-06-02T08:51:10+08:00 ] 10.6.0.9 /tp/index.php/Admin/Email/getCount.html
INFO: [ app_init ] --START--
INFO: Run Behavior\BuildLiteBehavior [ RunTime:0.000007s ]
INFO: [ app_init ] --END-- [ RunTime:0.000057s ]
ERR: 无法加载模块:Index.php

[ 2018-06-02T08:51:13+08:00 ] 10.6.0.9 /tp/index.php/Admin/Email/getCount.html
INFO: [ app_init ] --START--
INFO: Run Behavior\BuildLiteBehavior [ RunTime:0.000007s ]
INFO: [ app_init ] --END-- [ RunTime:0.000045s ]
ERR: 无法加载模块:Index.php

[ 2018-06-02T08:51:16+08:00 ] 10.6.0.9 /tp/index.php/Admin/Email/getCount.html
INFO: [ app_init ] --START--
INFO: Run Behavior\BuildLiteBehavior [ RunTime:0.000007s ]
INFO: [ app_init ] --END-- [ RunTime:0.000051s ]
ERR: 无法加载模块:Index.php

[ 2018-06-02T08:51:19+08:00 ] 10.6.0.9 /tp/index.php/Admin/Email/getCount.html
INFO: [ app_init ] --START--
INFO: Run Behavior\BuildLiteBehavior [ RunTime:0.000012s ]
INFO: [ app_init ] --END-- [ RunTime:0.000094s ]
ERR: 无法加载模块:Index.php

[ 2018-06-02T08:51:22+08:00 ] 10.6.0.9 /tp/index.php/Admin/Email/getCount.html
INFO: [ app_init ] --START--
INFO: Run Behavior\BuildLiteBehavior [ RunTime:0.000011s ]
INFO: [ app_init ] --END-- [ RunTime:0.000086s ]
ERR: 无法加载模块:Index.php

[ 2018-06-02T08:51:25+08:00 ] 10.6.0.9 /tp/index.php/Admin/Email/getCount.html
INFO: [ app_init ] --START--
INFO: Run Behavior\BuildLiteBehavior [ RunTime:0.000020s ]
INFO: [ app_init ] --END-- [ RunTime:0.000120s ]
ERR: 无法加载模块:Index.php

[ 2018-06-02T08:51:28+08:00 ] 10.6.0.9 /tp/index.php/Admin/Email/getCount.html
INFO: [ app_init ] --START--
INFO: Run Behavior\BuildLiteBehavior [ RunTime:0.000010s ]
INFO: [ app_init ] --END-- [ RunTime:0.000074s ]
ERR: 无法加载模块:Index.php

[ 2018-06-02T08:51:31+08:00 ] 10.6.0.9 /tp/index.php/Admin/Email/getCount.html
INFO: [ app_init ] --START--
INFO: Run Behavior\BuildLiteBehavior [ RunTime:0.000015s ]
INFO: [ app_init ] --END-- [ RunTime:0.000112s ]
ERR: 无法加载模块:Index.php

[ 2018-06-02T08:51:34+08:00 ] 10.6.0.9 /tp/index.php/Admin/Email/getCount.html
INFO: [ app_init ] --START--
INFO: Run Behavior\BuildLiteBehavior [ RunTime:0.000008s ]
INFO: [ app_init ] --END-- [ RunTime:0.000083s ]
ERR: 无法加载模块:Index.php

[ 2018-06-02T08:51:37+08:00 ] 10.6.0.9 /tp/index.php/Admin/Email/getCount.html
INFO: [ app_init ] --START--
INFO: Run Behavior\BuildLiteBehavior [ RunTime:0.000012s ]
INFO: [ app_init ] --END-- [ RunTime:0.000090s ]
ERR: 无法加载模块:Index.php

[ 2018-06-02T08:51:40+08:00 ] 10.6.0.9 /tp/index.php/Admin/Email/getCount.html
INFO: [ app_init ] --START--
INFO: Run Behavior\BuildLiteBehavior [ RunTime:0.000018s ]
INFO: [ app_init ] --END-- [ RunTime:0.000118s ]
ERR: 无法加载模块:Index.php

[ 2018-06-02T08:51:43+08:00 ] 10.6.0.9 /tp/index.php/Admin/Email/getCount.html
INFO: [ app_init ] --START--
INFO: Run Behavior\BuildLiteBehavior [ RunTime:0.000008s ]
INFO: [ app_init ] --END-- [ RunTime:0.000051s ]
ERR: 无法加载模块:Index.php

[ 2018-06-02T08:51:46+08:00 ] 10.6.0.9 /tp/index.php/Admin/Email/getCount.html
INFO: [ app_init ] --START--
INFO: Run Behavior\BuildLiteBehavior [ RunTime:0.000008s ]
INFO: [ app_init ] --END-- [ RunTime:0.000056s ]
ERR: 无法加载模块:Index.php

[ 2018-06-02T08:51:49+08:00 ] 10.6.0.9 /tp/index.php/Admin/Email/getCount.html
INFO: [ app_init ] --START--
INFO: Run Behavior\BuildLiteBehavior [ RunTime:0.000014s ]
INFO: [ app_init ] --END-- [ RunTime:0.000101s ]
ERR: 无法加载模块:Index.php

[ 2018-06-02T08:51:52+08:00 ] 10.6.0.9 /tp/index.php/Admin/Email/getCount.html
INFO: [ app_init ] --START--
INFO: Run Behavior\BuildLiteBehavior [ RunTime:0.000011s ]
INFO: [ app_init ] --END-- [ RunTime:0.000092s ]
ERR: 无法加载模块:Index.php

[ 2018-06-02T08:51:55+08:00 ] 10.6.0.9 /tp/index.php/Admin/Email/getCount.html
INFO: [ app_init ] --START--
INFO: Run Behavior\BuildLiteBehavior [ RunTime:0.000007s ]
INFO: [ app_init ] --END-- [ RunTime:0.000057s ]
ERR: 无法加载模块:Index.php

[ 2018-06-02T08:51:58+08:00 ] 10.6.0.9 /tp/index.php/Admin/Email/getCount.html
INFO: [ app_init ] --START--
INFO: Run Behavior\BuildLiteBehavior [ RunTime:0.000011s ]
INFO: [ app_init ] --END-- [ RunTime:0.000069s ]
ERR: 无法加载模块:Index.php

[ 2018-06-02T08:52:01+08:00 ] 10.6.0.9 /tp/index.php/Admin/Email/getCount.html
INFO: [ app_init ] --START--
INFO: Run Behavior\BuildLiteBehavior [ RunTime:0.000010s ]
INFO: [ app_init ] --END-- [ RunTime:0.000071s ]
ERR: 无法加载模块:Index.php

[ 2018-06-02T08:52:04+08:00 ] 10.6.0.9 /tp/index.php/Admin/Email/getCount.html
INFO: [ app_init ] --START--
INFO: Run Behavior\BuildLiteBehavior [ RunTime:0.000010s ]
INFO: [ app_init ] --END-- [ RunTime:0.000077s ]
ERR: 无法加载模块:Index.php

[ 2018-06-02T08:52:07+08:00 ] 10.6.0.9 /tp/index.php/Admin/Email/getCount.html
INFO: [ app_init ] --START--
INFO: Run Behavior\BuildLiteBehavior [ RunTime:0.000009s ]
INFO: [ app_init ] --END-- [ RunTime:0.000060s ]
ERR: 无法加载模块:Index.php

[ 2018-06-02T08:52:10+08:00 ] 10.6.0.9 /tp/index.php/Admin/Email/getCount.html
INFO: [ app_init ] --START--
INFO: Run Behavior\BuildLiteBehavior [ RunTime:0.000012s ]
INFO: [ app_init ] --END-- [ RunTime:0.000086s ]
ERR: 无法加载模块:Index.php

[ 2018-06-02T08:52:13+08:00 ] 10.6.0.9 /tp/index.php/Admin/Email/getCount.html
INFO: [ app_init ] --START--
INFO: Run Behavior\BuildLiteBehavior [ RunTime:0.000036s ]
INFO: [ app_init ] --END-- [ RunTime:0.000225s ]
ERR: 无法加载模块:Index.php

[ 2018-06-02T08:52:16+08:00 ] 10.6.0.9 /tp/index.php/Admin/Email/getCount.html
INFO: [ app_init ] --START--
INFO: Run Behavior\BuildLiteBehavior [ RunTime:0.000012s ]
INFO: [ app_init ] --END-- [ RunTime:0.000102s ]
ERR: 无法加载模块:Index.php

[ 2018-06-02T08:52:19+08:00 ] 10.6.0.9 /tp/index.php/Admin/Email/getCount.html
INFO: [ app_init ] --START--
INFO: Run Behavior\BuildLiteBehavior [ RunTime:0.000008s ]
INFO: [ app_init ] --END-- [ RunTime:0.000059s ]
ERR: 无法加载模块:Index.php

[ 2018-06-02T08:52:22+08:00 ] 10.6.0.9 /tp/index.php/Admin/Email/getCount.html
INFO: [ app_init ] --START--
INFO: Run Behavior\BuildLiteBehavior [ RunTime:0.000021s ]
INFO: [ app_init ] --END-- [ RunTime:0.000138s ]
ERR: 无法加载模块:Index.php

[ 2018-06-02T08:52:25+08:00 ] 10.6.0.9 /tp/index.php/Admin/Email/getCount.html
INFO: [ app_init ] --START--
INFO: Run Behavior\BuildLiteBehavior [ RunTime:0.000007s ]
INFO: [ app_init ] --END-- [ RunTime:0.000049s ]
ERR: 无法加载模块:Index.php

[ 2018-06-02T08:52:28+08:00 ] 10.6.0.9 /tp/index.php/Admin/Email/getCount.html
INFO: [ app_init ] --START--
INFO: Run Behavior\BuildLiteBehavior [ RunTime:0.000010s ]
INFO: [ app_init ] --END-- [ RunTime:0.000083s ]
ERR: 无法加载模块:Index.php

[ 2018-06-02T08:52:31+08:00 ] 10.6.0.9 /tp/index.php/Admin/Email/getCount.html
INFO: [ app_init ] --START--
INFO: Run Behavior\BuildLiteBehavior [ RunTime:0.000007s ]
INFO: [ app_init ] --END-- [ RunTime:0.000056s ]
ERR: 无法加载模块:Index.php

[ 2018-06-02T08:52:34+08:00 ] 10.6.0.9 /tp/index.php/Admin/Email/getCount.html
INFO: [ app_init ] --START--
INFO: Run Behavior\BuildLiteBehavior [ RunTime:0.000013s ]
INFO: [ app_init ] --END-- [ RunTime:0.000078s ]
ERR: 无法加载模块:Index.php

[ 2018-06-02T08:52:37+08:00 ] 10.6.0.9 /tp/index.php/Admin/Email/getCount.html
INFO: [ app_init ] --START--
INFO: Run Behavior\BuildLiteBehavior [ RunTime:0.000011s ]
INFO: [ app_init ] --END-- [ RunTime:0.000091s ]
ERR: 无法加载模块:Index.php

[ 2018-06-02T08:52:40+08:00 ] 10.6.0.9 /tp/index.php/Admin/Email/getCount.html
INFO: [ app_init ] --START--
INFO: Run Behavior\BuildLiteBehavior [ RunTime:0.000009s ]
INFO: [ app_init ] --END-- [ RunTime:0.000071s ]
ERR: 无法加载模块:Index.php

[ 2018-06-02T08:52:43+08:00 ] 10.6.0.9 /tp/index.php/Admin/Email/getCount.html
INFO: [ app_init ] --START--
INFO: Run Behavior\BuildLiteBehavior [ RunTime:0.000009s ]
INFO: [ app_init ] --END-- [ RunTime:0.000065s ]
ERR: 无法加载模块:Index.php

[ 2018-06-02T08:52:46+08:00 ] 10.6.0.9 /tp/index.php/Admin/Email/getCount.html
INFO: [ app_init ] --START--
INFO: Run Behavior\BuildLiteBehavior [ RunTime:0.000008s ]
INFO: [ app_init ] --END-- [ RunTime:0.000057s ]
ERR: 无法加载模块:Index.php

[ 2018-06-02T08:52:49+08:00 ] 10.6.0.9 /tp/index.php/Admin/Email/getCount.html
INFO: [ app_init ] --START--
INFO: Run Behavior\BuildLiteBehavior [ RunTime:0.000010s ]
INFO: [ app_init ] --END-- [ RunTime:0.000075s ]
ERR: 无法加载模块:Index.php

