[ 2018-06-01T08:58:08+08:00 ] 10.6.0.9 /tp/admin.php
INFO: [ app_init ] --START--
INFO: Run Behavior\BuildLiteBehavior [ RunTime:0.000008s ]
INFO: [ app_init ] --END-- [ RunTime:0.000071s ]
INFO: [ app_begin ] --START--
INFO: Run Behavior\ReadHtmlCacheBehavior [ RunTime:0.000046s ]
INFO: [ app_begin ] --END-- [ RunTime:0.000065s ]
INFO: [ view_parse ] --START--
INFO: [ template_filter ] --START--
INFO: Run Behavior\ContentReplaceBehavior [ RunTime:0.000057s ]
INFO: [ template_filter ] --END-- [ RunTime:0.000085s ]
INFO: Run Behavior\ParseTemplateBehavior [ RunTime:0.003072s ]
INFO: [ view_parse ] --END-- [ RunTime:0.003098s ]
INFO: [ view_filter ] --START--
INFO: Run Behavior\WriteHtmlCacheBehavior [ RunTime:0.000060s ]
INFO: [ view_filter ] --END-- [ RunTime:0.000073s ]
INFO: [ app_end ] --START--
INFO: Run Behavior\ShowPageTraceBehavior [ RunTime:0.000040s ]
INFO: [ app_end ] --END-- [ RunTime:0.000052s ]

[ 2018-06-01T08:58:08+08:00 ] 10.6.0.9 /tp/index.php?s=/Admin/Index/captcha
INFO: [ app_init ] --START--
INFO: Run Behavior\BuildLiteBehavior [ RunTime:0.000010s ]
INFO: [ app_init ] --END-- [ RunTime:0.000059s ]
INFO: [ app_begin ] --START--
INFO: Run Behavior\ReadHtmlCacheBehavior [ RunTime:0.000028s ]
INFO: [ app_begin ] --END-- [ RunTime:0.000044s ]
INFO: [ app_end ] --START--
INFO: Run Behavior\ShowPageTraceBehavior [ RunTime:0.000035s ]
INFO: [ app_end ] --END-- [ RunTime:0.000058s ]

[ 2018-06-01T08:58:23+08:00 ] 10.6.0.9 /tp/index.php?s=/Admin/Index/checkLogin
INFO: [ app_init ] --START--
INFO: Run Behavior\BuildLiteBehavior [ RunTime:0.000009s ]
INFO: [ app_init ] --END-- [ RunTime:0.000051s ]
INFO: [ app_begin ] --START--
INFO: Run Behavior\ReadHtmlCacheBehavior [ RunTime:0.000032s ]
INFO: [ app_begin ] --END-- [ RunTime:0.000049s ]
SQL: SHOW COLUMNS FROM `jifen_teacher` [ RunTime:0.0016s ]
SQL: SELECT * FROM `jifen_teacher` WHERE `password` = '111111' LIMIT 1   [ RunTime:0.0011s ]
NOTIC: [8] Undefined index: tid /var/www/html/tp/Application/Admin/Controller/IndexController.class.php 第 38 行.
NOTIC: [2] Use of undefined constant tname - assumed 'tname' (this will throw an Error in a future version of PHP) /var/www/html/tp/Application/Admin/Controller/IndexController.class.php 第 38 行.
SQL: SELECT * FROM `jifen_teacher` WHERE `ttid` = 0  [ RunTime:0.0009s ]
INFO: [ view_parse ] --START--
INFO: [ template_filter ] --START--
INFO: Run Behavior\ContentReplaceBehavior [ RunTime:0.000068s ]
INFO: [ template_filter ] --END-- [ RunTime:0.000101s ]
INFO: Run Behavior\ParseTemplateBehavior [ RunTime:0.002412s ]
INFO: [ view_parse ] --END-- [ RunTime:0.002443s ]
INFO: [ view_filter ] --START--
INFO: Run Behavior\WriteHtmlCacheBehavior [ RunTime:0.000048s ]
INFO: [ view_filter ] --END-- [ RunTime:0.000060s ]
INFO: [ app_end ] --START--
INFO: Run Behavior\ShowPageTraceBehavior [ RunTime:0.000031s ]
INFO: [ app_end ] --END-- [ RunTime:0.000042s ]

[ 2018-06-01T08:58:24+08:00 ] 10.6.0.9 /tp/index.php?s=/Admin/User/index
INFO: [ app_init ] --START--
INFO: Run Behavior\BuildLiteBehavior [ RunTime:0.000010s ]
INFO: [ app_init ] --END-- [ RunTime:0.000071s ]
INFO: [ app_begin ] --START--
INFO: Run Behavior\ReadHtmlCacheBehavior [ RunTime:0.000038s ]
INFO: [ app_begin ] --END-- [ RunTime:0.000058s ]
INFO: [ view_parse ] --START--
INFO: [ template_filter ] --START--
INFO: Run Behavior\ContentReplaceBehavior [ RunTime:0.000077s ]
INFO: [ template_filter ] --END-- [ RunTime:0.000102s ]
INFO: Run Behavior\ParseTemplateBehavior [ RunTime:0.003193s ]
INFO: [ view_parse ] --END-- [ RunTime:0.003215s ]
INFO: [ view_filter ] --START--
INFO: Run Behavior\WriteHtmlCacheBehavior [ RunTime:0.000036s ]
INFO: [ view_filter ] --END-- [ RunTime:0.000046s ]
INFO: [ app_end ] --START--
INFO: Run Behavior\ShowPageTraceBehavior [ RunTime:0.000024s ]
INFO: [ app_end ] --END-- [ RunTime:0.000035s ]

[ 2018-06-01T08:58:24+08:00 ] 10.6.0.9 /tp/index.php?s=Admin/User/home
INFO: [ app_init ] --START--
INFO: Run Behavior\BuildLiteBehavior [ RunTime:0.000011s ]
INFO: [ app_init ] --END-- [ RunTime:0.000075s ]
INFO: [ app_begin ] --START--
INFO: Run Behavior\ReadHtmlCacheBehavior [ RunTime:0.000036s ]
INFO: [ app_begin ] --END-- [ RunTime:0.000056s ]
INFO: [ view_parse ] --START--
INFO: [ template_filter ] --START--
INFO: Run Behavior\ContentReplaceBehavior [ RunTime:0.000123s ]
INFO: [ template_filter ] --END-- [ RunTime:0.000161s ]
INFO: Run Behavior\ParseTemplateBehavior [ RunTime:0.002840s ]
INFO: [ view_parse ] --END-- [ RunTime:0.002863s ]
INFO: [ view_filter ] --START--
INFO: Run Behavior\WriteHtmlCacheBehavior [ RunTime:0.000044s ]
INFO: [ view_filter ] --END-- [ RunTime:0.000054s ]
INFO: [ app_end ] --START--
INFO: Run Behavior\ShowPageTraceBehavior [ RunTime:0.000034s ]
INFO: [ app_end ] --END-- [ RunTime:0.000053s ]

[ 2018-06-01T08:58:28+08:00 ] 10.6.0.9 /tp/index.php?s=/Admin/Teacher/shenhe_students
INFO: [ app_init ] --START--
INFO: Run Behavior\BuildLiteBehavior [ RunTime:0.000015s ]
INFO: [ app_init ] --END-- [ RunTime:0.000090s ]
INFO: [ app_begin ] --START--
INFO: Run Behavior\ReadHtmlCacheBehavior [ RunTime:0.000043s ]
INFO: [ app_begin ] --END-- [ RunTime:0.000063s ]
SQL: SHOW COLUMNS FROM `jifen_teacher` [ RunTime:0.0017s ]
SQL: SHOW COLUMNS FROM `jifen_lianjie1` [ RunTime:0.0016s ]
SQL: SELECT * FROM `jifen_teacher` WHERE ( tid = '00113' ) LIMIT 1   [ RunTime:0.0033s ]
SQL: SELECT * FROM `jifen_lianjie1` WHERE ( id = '1' )  [ RunTime:0.0011s ]
INFO: [ view_parse ] --START--
INFO: [ template_filter ] --START--
INFO: Run Behavior\ContentReplaceBehavior [ RunTime:0.000057s ]
INFO: [ template_filter ] --END-- [ RunTime:0.000083s ]
NOTIC: [8] Undefined variable: info /var/www/html/tp/Application/Runtime/Cache/Admin/69a596042fd4cd04f92bd4666a09686d.php 第 16 行.
NOTIC: [8] Undefined variable: info /var/www/html/tp/Application/Runtime/Cache/Admin/69a596042fd4cd04f92bd4666a09686d.php 第 20 行.
NOTIC: [8] Undefined variable: info /var/www/html/tp/Application/Runtime/Cache/Admin/69a596042fd4cd04f92bd4666a09686d.php 第 24 行.
NOTIC: [8] Undefined variable: ccname /var/www/html/tp/Application/Runtime/Cache/Admin/69a596042fd4cd04f92bd4666a09686d.php 第 29 行.
INFO: Run Behavior\ParseTemplateBehavior [ RunTime:0.002739s ]
INFO: [ view_parse ] --END-- [ RunTime:0.002766s ]
INFO: [ view_filter ] --START--
INFO: Run Behavior\WriteHtmlCacheBehavior [ RunTime:0.000047s ]
INFO: [ view_filter ] --END-- [ RunTime:0.000059s ]
INFO: [ app_end ] --START--
INFO: Run Behavior\ShowPageTraceBehavior [ RunTime:0.000033s ]
INFO: [ app_end ] --END-- [ RunTime:0.000044s ]

[ 2018-06-01T08:58:54+08:00 ] 10.6.0.9 /tp/index.php?s=/Admin/Teacher/shenhe_students
INFO: [ app_init ] --START--
INFO: Run Behavior\BuildLiteBehavior [ RunTime:0.000008s ]
INFO: [ app_init ] --END-- [ RunTime:0.000053s ]
INFO: [ app_begin ] --START--
INFO: Run Behavior\ReadHtmlCacheBehavior [ RunTime:0.000033s ]
INFO: [ app_begin ] --END-- [ RunTime:0.000050s ]
SQL: SHOW COLUMNS FROM `jifen_student` [ RunTime:0.0026s ]
SQL: SHOW COLUMNS FROM `jifen_class` [ RunTime:0.0011s ]
SQL: SHOW COLUMNS FROM `jifen_lianjie1` [ RunTime:0.0019s ]
SQL: SELECT `cid` FROM `jifen_class` WHERE ( cname = '数据库一班' ) LIMIT 1   [ RunTime:0.0008s ]
SQL: SELECT * FROM `jifen_lianjie1` WHERE ( cid = '2' ) LIMIT 1   [ RunTime:0.0010s ]
SQL: SELECT * FROM `jifen_student` WHERE ( cid = '2' )  [ RunTime:0.0008s ]
INFO: [ view_parse ] --START--
INFO: [ template_filter ] --START--
INFO: Run Behavior\ContentReplaceBehavior [ RunTime:0.000060s ]
INFO: [ template_filter ] --END-- [ RunTime:0.000091s ]
INFO: Run Behavior\ParseTemplateBehavior [ RunTime:0.002680s ]
INFO: [ view_parse ] --END-- [ RunTime:0.002712s ]
INFO: [ view_filter ] --START--
INFO: Run Behavior\WriteHtmlCacheBehavior [ RunTime:0.000064s ]
INFO: [ view_filter ] --END-- [ RunTime:0.000078s ]
INFO: [ app_end ] --START--
INFO: Run Behavior\ShowPageTraceBehavior [ RunTime:0.000038s ]
INFO: [ app_end ] --END-- [ RunTime:0.000050s ]

[ 2018-06-01T08:58:54+08:00 ] 10.6.0.9 /tp/index.php?s=/Admin/Teacher/shenhe_showList2
INFO: [ app_init ] --START--
INFO: Run Behavior\BuildLiteBehavior [ RunTime:0.000008s ]
INFO: [ app_init ] --END-- [ RunTime:0.000052s ]
INFO: [ app_begin ] --START--
INFO: Run Behavior\ReadHtmlCacheBehavior [ RunTime:0.000026s ]
INFO: [ app_begin ] --END-- [ RunTime:0.000042s ]
SQL: SHOW COLUMNS FROM `jifen_shenhe` [ RunTime:0.0016s ]
SQL: SELECT * FROM `jifen_shenhe`  [ RunTime:0.0019s ]
INFO: [ view_parse ] --START--
INFO: [ template_filter ] --START--
INFO: Run Behavior\ContentReplaceBehavior [ RunTime:0.000066s ]
INFO: [ template_filter ] --END-- [ RunTime:0.000100s ]
NOTIC: [8] Undefined variable: sum /var/www/html/tp/Application/Runtime/Cache/Admin/d5b51fab7ce6b9c148b7bf42c564696e.php 第 40 行.
NOTIC: [8] Undefined index: ttid /var/www/html/tp/Application/Runtime/Cache/Admin/d5b51fab7ce6b9c148b7bf42c564696e.php 第 42 行.
NOTIC: [8] Undefined variable: sum /var/www/html/tp/Application/Runtime/Cache/Admin/d5b51fab7ce6b9c148b7bf42c564696e.php 第 40 行.
NOTIC: [8] Undefined index: ttid /var/www/html/tp/Application/Runtime/Cache/Admin/d5b51fab7ce6b9c148b7bf42c564696e.php 第 42 行.
NOTIC: [8] Undefined variable: sum /var/www/html/tp/Application/Runtime/Cache/Admin/d5b51fab7ce6b9c148b7bf42c564696e.php 第 40 行.
NOTIC: [8] Undefined index: ttid /var/www/html/tp/Application/Runtime/Cache/Admin/d5b51fab7ce6b9c148b7bf42c564696e.php 第 42 行.
NOTIC: [8] Undefined variable: sum /var/www/html/tp/Application/Runtime/Cache/Admin/d5b51fab7ce6b9c148b7bf42c564696e.php 第 40 行.
NOTIC: [8] Undefined index: ttid /var/www/html/tp/Application/Runtime/Cache/Admin/d5b51fab7ce6b9c148b7bf42c564696e.php 第 42 行.
NOTIC: [8] Undefined variable: sum /var/www/html/tp/Application/Runtime/Cache/Admin/d5b51fab7ce6b9c148b7bf42c564696e.php 第 40 行.
NOTIC: [8] Undefined index: ttid /var/www/html/tp/Application/Runtime/Cache/Admin/d5b51fab7ce6b9c148b7bf42c564696e.php 第 42 行.
INFO: Run Behavior\ParseTemplateBehavior [ RunTime:0.004229s ]
INFO: [ view_parse ] --END-- [ RunTime:0.004267s ]
INFO: [ view_filter ] --START--
INFO: Run Behavior\WriteHtmlCacheBehavior [ RunTime:0.000043s ]
INFO: [ view_filter ] --END-- [ RunTime:0.000074s ]
INFO: [ app_end ] --START--
INFO: Run Behavior\ShowPageTraceBehavior [ RunTime:0.000033s ]
INFO: [ app_end ] --END-- [ RunTime:0.000050s ]

[ 2018-06-01T08:58:58+08:00 ] 10.6.0.9 /tp/index.php?s=/Admin/Teacher/shenhe_showList2
INFO: [ app_init ] --START--
INFO: Run Behavior\BuildLiteBehavior [ RunTime:0.000017s ]
INFO: [ app_init ] --END-- [ RunTime:0.000097s ]
INFO: [ app_begin ] --START--
INFO: Run Behavior\ReadHtmlCacheBehavior [ RunTime:0.000051s ]
INFO: [ app_begin ] --END-- [ RunTime:0.000070s ]
SQL: SHOW COLUMNS FROM `jifen_shenhe` [ RunTime:0.0016s ]
SQL: SELECT * FROM `jifen_shenhe`  [ RunTime:0.0012s ]
INFO: [ view_parse ] --START--
INFO: [ template_filter ] --START--
INFO: Run Behavior\ContentReplaceBehavior [ RunTime:0.000053s ]
INFO: [ template_filter ] --END-- [ RunTime:0.000069s ]
NOTIC: [8] Undefined variable: sum /var/www/html/tp/Application/Runtime/Cache/Admin/d5b51fab7ce6b9c148b7bf42c564696e.php 第 40 行.
NOTIC: [8] Undefined index: ttid /var/www/html/tp/Application/Runtime/Cache/Admin/d5b51fab7ce6b9c148b7bf42c564696e.php 第 42 行.
NOTIC: [8] Undefined variable: sum /var/www/html/tp/Application/Runtime/Cache/Admin/d5b51fab7ce6b9c148b7bf42c564696e.php 第 40 行.
NOTIC: [8] Undefined index: ttid /var/www/html/tp/Application/Runtime/Cache/Admin/d5b51fab7ce6b9c148b7bf42c564696e.php 第 42 行.
NOTIC: [8] Undefined variable: sum /var/www/html/tp/Application/Runtime/Cache/Admin/d5b51fab7ce6b9c148b7bf42c564696e.php 第 40 行.
NOTIC: [8] Undefined index: ttid /var/www/html/tp/Application/Runtime/Cache/Admin/d5b51fab7ce6b9c148b7bf42c564696e.php 第 42 行.
NOTIC: [8] Undefined variable: sum /var/www/html/tp/Application/Runtime/Cache/Admin/d5b51fab7ce6b9c148b7bf42c564696e.php 第 40 行.
NOTIC: [8] Undefined index: ttid /var/www/html/tp/Application/Runtime/Cache/Admin/d5b51fab7ce6b9c148b7bf42c564696e.php 第 42 行.
NOTIC: [8] Undefined variable: sum /var/www/html/tp/Application/Runtime/Cache/Admin/d5b51fab7ce6b9c148b7bf42c564696e.php 第 40 行.
NOTIC: [8] Undefined index: ttid /var/www/html/tp/Application/Runtime/Cache/Admin/d5b51fab7ce6b9c148b7bf42c564696e.php 第 42 行.
INFO: Run Behavior\ParseTemplateBehavior [ RunTime:0.001865s ]
INFO: [ view_parse ] --END-- [ RunTime:0.001881s ]
INFO: [ view_filter ] --START--
INFO: Run Behavior\WriteHtmlCacheBehavior [ RunTime:0.000463s ]
INFO: [ view_filter ] --END-- [ RunTime:0.000475s ]
INFO: [ app_end ] --START--
INFO: Run Behavior\ShowPageTraceBehavior [ RunTime:0.000031s ]
INFO: [ app_end ] --END-- [ RunTime:0.000040s ]

[ 2018-06-01T08:59:00+08:00 ] 10.6.0.9 /tp/index.php?s=/Admin/Teacher/shenhe_showList2
INFO: [ app_init ] --START--
INFO: Run Behavior\BuildLiteBehavior [ RunTime:0.000011s ]
INFO: [ app_init ] --END-- [ RunTime:0.000062s ]
INFO: [ app_begin ] --START--
INFO: Run Behavior\ReadHtmlCacheBehavior [ RunTime:0.000023s ]
INFO: [ app_begin ] --END-- [ RunTime:0.000039s ]
SQL: SHOW COLUMNS FROM `jifen_shenhe` [ RunTime:0.0025s ]
SQL: SELECT * FROM `jifen_shenhe`  [ RunTime:0.0012s ]
INFO: [ view_parse ] --START--
INFO: [ template_filter ] --START--
INFO: Run Behavior\ContentReplaceBehavior [ RunTime:0.000066s ]
INFO: [ template_filter ] --END-- [ RunTime:0.000092s ]
NOTIC: [8] Undefined variable: sum /var/www/html/tp/Application/Runtime/Cache/Admin/d5b51fab7ce6b9c148b7bf42c564696e.php 第 40 行.
NOTIC: [8] Undefined index: ttid /var/www/html/tp/Application/Runtime/Cache/Admin/d5b51fab7ce6b9c148b7bf42c564696e.php 第 42 行.
NOTIC: [8] Undefined variable: sum /var/www/html/tp/Application/Runtime/Cache/Admin/d5b51fab7ce6b9c148b7bf42c564696e.php 第 40 行.
NOTIC: [8] Undefined index: ttid /var/www/html/tp/Application/Runtime/Cache/Admin/d5b51fab7ce6b9c148b7bf42c564696e.php 第 42 行.
NOTIC: [8] Undefined variable: sum /var/www/html/tp/Application/Runtime/Cache/Admin/d5b51fab7ce6b9c148b7bf42c564696e.php 第 40 行.
NOTIC: [8] Undefined index: ttid /var/www/html/tp/Application/Runtime/Cache/Admin/d5b51fab7ce6b9c148b7bf42c564696e.php 第 42 行.
NOTIC: [8] Undefined variable: sum /var/www/html/tp/Application/Runtime/Cache/Admin/d5b51fab7ce6b9c148b7bf42c564696e.php 第 40 行.
NOTIC: [8] Undefined index: ttid /var/www/html/tp/Application/Runtime/Cache/Admin/d5b51fab7ce6b9c148b7bf42c564696e.php 第 42 行.
NOTIC: [8] Undefined variable: sum /var/www/html/tp/Application/Runtime/Cache/Admin/d5b51fab7ce6b9c148b7bf42c564696e.php 第 40 行.
NOTIC: [8] Undefined index: ttid /var/www/html/tp/Application/Runtime/Cache/Admin/d5b51fab7ce6b9c148b7bf42c564696e.php 第 42 行.
INFO: Run Behavior\ParseTemplateBehavior [ RunTime:0.003136s ]
INFO: [ view_parse ] --END-- [ RunTime:0.003159s ]
INFO: [ view_filter ] --START--
INFO: Run Behavior\WriteHtmlCacheBehavior [ RunTime:0.000040s ]
INFO: [ view_filter ] --END-- [ RunTime:0.000052s ]
INFO: [ app_end ] --START--
INFO: Run Behavior\ShowPageTraceBehavior [ RunTime:0.000026s ]
INFO: [ app_end ] --END-- [ RunTime:0.000037s ]

[ 2018-06-01T08:59:08+08:00 ] 10.6.0.9 /tp/index.php?s=/Admin/Teacher/profession_showList
INFO: [ app_init ] --START--
INFO: Run Behavior\BuildLiteBehavior [ RunTime:0.000008s ]
INFO: [ app_init ] --END-- [ RunTime:0.000068s ]
INFO: [ app_begin ] --START--
INFO: Run Behavior\ReadHtmlCacheBehavior [ RunTime:0.000029s ]
INFO: [ app_begin ] --END-- [ RunTime:0.000043s ]
SQL: SHOW COLUMNS FROM `jifen_profession` [ RunTime:0.0015s ]
SQL: SELECT * FROM `jifen_profession` ORDER BY pid asc  [ RunTime:0.0009s ]
INFO: [ view_parse ] --START--
INFO: [ template_filter ] --START--
INFO: Run Behavior\ContentReplaceBehavior [ RunTime:0.000053s ]
INFO: [ template_filter ] --END-- [ RunTime:0.000074s ]
NOTIC: [2] A non-numeric value encountered /var/www/html/tp/Application/Runtime/Cache/Admin/417f2cf46cc2c2eb022a34ff7cd16f2f.php 第 29 行.
NOTIC: [2] A non-numeric value encountered /var/www/html/tp/Application/Runtime/Cache/Admin/417f2cf46cc2c2eb022a34ff7cd16f2f.php 第 29 行.
NOTIC: [2] A non-numeric value encountered /var/www/html/tp/Application/Runtime/Cache/Admin/417f2cf46cc2c2eb022a34ff7cd16f2f.php 第 29 行.
NOTIC: [2] A non-numeric value encountered /var/www/html/tp/Application/Runtime/Cache/Admin/417f2cf46cc2c2eb022a34ff7cd16f2f.php 第 29 行.
NOTIC: [2] A non-numeric value encountered /var/www/html/tp/Application/Runtime/Cache/Admin/417f2cf46cc2c2eb022a34ff7cd16f2f.php 第 29 行.
NOTIC: [2] A non-numeric value encountered /var/www/html/tp/Application/Runtime/Cache/Admin/417f2cf46cc2c2eb022a34ff7cd16f2f.php 第 29 行.
INFO: Run Behavior\ParseTemplateBehavior [ RunTime:0.001935s ]
INFO: [ view_parse ] --END-- [ RunTime:0.001952s ]
INFO: [ view_filter ] --START--
INFO: Run Behavior\WriteHtmlCacheBehavior [ RunTime:0.000044s ]
INFO: [ view_filter ] --END-- [ RunTime:0.000055s ]
INFO: [ app_end ] --START--
INFO: Run Behavior\ShowPageTraceBehavior [ RunTime:0.000027s ]
INFO: [ app_end ] --END-- [ RunTime:0.000036s ]

[ 2018-06-01T08:59:12+08:00 ] 10.6.0.9 /tp/index.php?s=/Admin/Teacher/profession_edit/id/26
INFO: [ app_init ] --START--
INFO: Run Behavior\BuildLiteBehavior [ RunTime:0.000008s ]
INFO: [ app_init ] --END-- [ RunTime:0.000060s ]
INFO: [ app_begin ] --START--
INFO: Run Behavior\ReadHtmlCacheBehavior [ RunTime:0.000035s ]
INFO: [ app_begin ] --END-- [ RunTime:0.000053s ]
SQL: SHOW COLUMNS FROM `jifen_profession` [ RunTime:0.0014s ]
SQL: SHOW COLUMNS FROM `jifen_school` [ RunTime:0.0013s ]
SQL: SELECT * FROM `jifen_profession` WHERE `pid` = 26 LIMIT 1   [ RunTime:0.0011s ]
SQL: SELECT * FROM `jifen_school`  [ RunTime:0.0013s ]
SQL: SELECT `sname` FROM `jifen_school` WHERE ( id = '8' ) LIMIT 1   [ RunTime:0.0009s ]
INFO: [ view_parse ] --START--
INFO: [ template_filter ] --START--
INFO: Run Behavior\ContentReplaceBehavior [ RunTime:0.000089s ]
INFO: [ template_filter ] --END-- [ RunTime:0.000138s ]
INFO: Run Behavior\ParseTemplateBehavior [ RunTime:0.003914s ]
INFO: [ view_parse ] --END-- [ RunTime:0.003943s ]
INFO: [ view_filter ] --START--
INFO: Run Behavior\WriteHtmlCacheBehavior [ RunTime:0.000046s ]
INFO: [ view_filter ] --END-- [ RunTime:0.000057s ]
INFO: [ app_end ] --START--
INFO: Run Behavior\ShowPageTraceBehavior [ RunTime:0.000030s ]
INFO: [ app_end ] --END-- [ RunTime:0.000041s ]

[ 2018-06-01T08:59:17+08:00 ] 10.6.0.9 /tp/index.php?s=/Admin/Teacher/profession_del/id/26
INFO: [ app_init ] --START--
INFO: Run Behavior\BuildLiteBehavior [ RunTime:0.000015s ]
INFO: [ app_init ] --END-- [ RunTime:0.000098s ]
INFO: [ app_begin ] --START--
INFO: Run Behavior\ReadHtmlCacheBehavior [ RunTime:0.000037s ]
INFO: [ app_begin ] --END-- [ RunTime:0.000053s ]
SQL: SHOW COLUMNS FROM `jifen_profession` [ RunTime:0.0018s ]
SQL: DELETE FROM `jifen_profession` WHERE `pid` = 26 [ RunTime:0.0013s ]
INFO: [ view_parse ] --START--
INFO: [ template_filter ] --START--
INFO: Run Behavior\ContentReplaceBehavior [ RunTime:0.000031s ]
INFO: [ template_filter ] --END-- [ RunTime:0.000050s ]
INFO: Run Behavior\ParseTemplateBehavior [ RunTime:0.002187s ]
INFO: [ view_parse ] --END-- [ RunTime:0.002220s ]
INFO: [ view_filter ] --START--
INFO: Run Behavior\WriteHtmlCacheBehavior [ RunTime:0.000062s ]
INFO: [ view_filter ] --END-- [ RunTime:0.000079s ]
INFO: [ app_end ] --START--
INFO: Run Behavior\ShowPageTraceBehavior [ RunTime:0.000038s ]
INFO: [ app_end ] --END-- [ RunTime:0.000052s ]

[ 2018-06-01T08:59:18+08:00 ] 10.6.0.9 /tp/index.php?s=/Admin/Teacher/profession_showList
INFO: [ app_init ] --START--
INFO: Run Behavior\BuildLiteBehavior [ RunTime:0.000006s ]
INFO: [ app_init ] --END-- [ RunTime:0.000041s ]
INFO: [ app_begin ] --START--
INFO: Run Behavior\ReadHtmlCacheBehavior [ RunTime:0.000020s ]
INFO: [ app_begin ] --END-- [ RunTime:0.000032s ]
SQL: SHOW COLUMNS FROM `jifen_profession` [ RunTime:0.0017s ]
SQL: SELECT * FROM `jifen_profession` ORDER BY pid asc  [ RunTime:0.0010s ]
INFO: [ view_parse ] --START--
INFO: [ template_filter ] --START--
INFO: Run Behavior\ContentReplaceBehavior [ RunTime:0.000081s ]
INFO: [ template_filter ] --END-- [ RunTime:0.000135s ]
NOTIC: [2] A non-numeric value encountered /var/www/html/tp/Application/Runtime/Cache/Admin/417f2cf46cc2c2eb022a34ff7cd16f2f.php 第 29 行.
NOTIC: [2] A non-numeric value encountered /var/www/html/tp/Application/Runtime/Cache/Admin/417f2cf46cc2c2eb022a34ff7cd16f2f.php 第 29 行.
NOTIC: [2] A non-numeric value encountered /var/www/html/tp/Application/Runtime/Cache/Admin/417f2cf46cc2c2eb022a34ff7cd16f2f.php 第 29 行.
NOTIC: [2] A non-numeric value encountered /var/www/html/tp/Application/Runtime/Cache/Admin/417f2cf46cc2c2eb022a34ff7cd16f2f.php 第 29 行.
NOTIC: [2] A non-numeric value encountered /var/www/html/tp/Application/Runtime/Cache/Admin/417f2cf46cc2c2eb022a34ff7cd16f2f.php 第 29 行.
INFO: Run Behavior\ParseTemplateBehavior [ RunTime:0.003632s ]
INFO: [ view_parse ] --END-- [ RunTime:0.003660s ]
INFO: [ view_filter ] --START--
INFO: Run Behavior\WriteHtmlCacheBehavior [ RunTime:0.000050s ]
INFO: [ view_filter ] --END-- [ RunTime:0.000064s ]
INFO: [ app_end ] --START--
INFO: Run Behavior\ShowPageTraceBehavior [ RunTime:0.000031s ]
INFO: [ app_end ] --END-- [ RunTime:0.000046s ]

[ 2018-06-01T08:59:23+08:00 ] 10.6.0.9 /tp/index.php?s=/Admin/User/index
INFO: [ app_init ] --START--
INFO: Run Behavior\BuildLiteBehavior [ RunTime:0.000006s ]
INFO: [ app_init ] --END-- [ RunTime:0.000041s ]
INFO: [ app_begin ] --START--
INFO: Run Behavior\ReadHtmlCacheBehavior [ RunTime:0.000025s ]
INFO: [ app_begin ] --END-- [ RunTime:0.000037s ]
INFO: [ view_parse ] --START--
INFO: [ template_filter ] --START--
INFO: Run Behavior\ContentReplaceBehavior [ RunTime:0.000081s ]
INFO: [ template_filter ] --END-- [ RunTime:0.000103s ]
INFO: Run Behavior\ParseTemplateBehavior [ RunTime:0.002582s ]
INFO: [ view_parse ] --END-- [ RunTime:0.002628s ]
INFO: [ view_filter ] --START--
INFO: Run Behavior\WriteHtmlCacheBehavior [ RunTime:0.000098s ]
INFO: [ view_filter ] --END-- [ RunTime:0.000115s ]
INFO: [ app_end ] --START--
INFO: Run Behavior\ShowPageTraceBehavior [ RunTime:0.000031s ]
INFO: [ app_end ] --END-- [ RunTime:0.000041s ]

[ 2018-06-01T08:59:23+08:00 ] 10.6.0.9 /tp/index.php?s=Admin/User/home
INFO: [ app_init ] --START--
INFO: Run Behavior\BuildLiteBehavior [ RunTime:0.000022s ]
INFO: [ app_init ] --END-- [ RunTime:0.000120s ]
INFO: [ app_begin ] --START--
INFO: Run Behavior\ReadHtmlCacheBehavior [ RunTime:0.000049s ]
INFO: [ app_begin ] --END-- [ RunTime:0.000074s ]
INFO: [ view_parse ] --START--
INFO: [ template_filter ] --START--
INFO: Run Behavior\ContentReplaceBehavior [ RunTime:0.000103s ]
INFO: [ template_filter ] --END-- [ RunTime:0.000128s ]
INFO: Run Behavior\ParseTemplateBehavior [ RunTime:0.002534s ]
INFO: [ view_parse ] --END-- [ RunTime:0.002555s ]
INFO: [ view_filter ] --START--
INFO: Run Behavior\WriteHtmlCacheBehavior [ RunTime:0.000036s ]
INFO: [ view_filter ] --END-- [ RunTime:0.000046s ]
INFO: [ app_end ] --START--
INFO: Run Behavior\ShowPageTraceBehavior [ RunTime:0.000031s ]
INFO: [ app_end ] --END-- [ RunTime:0.000046s ]

[ 2018-06-01T08:59:24+08:00 ] 10.6.0.9 /tp/index.php?s=/Admin/User/index
INFO: [ app_init ] --START--
INFO: Run Behavior\BuildLiteBehavior [ RunTime:0.000011s ]
INFO: [ app_init ] --END-- [ RunTime:0.000066s ]
INFO: [ app_begin ] --START--
INFO: Run Behavior\ReadHtmlCacheBehavior [ RunTime:0.000031s ]
INFO: [ app_begin ] --END-- [ RunTime:0.000051s ]
INFO: [ view_parse ] --START--
INFO: [ template_filter ] --START--
INFO: Run Behavior\ContentReplaceBehavior [ RunTime:0.000085s ]
INFO: [ template_filter ] --END-- [ RunTime:0.000113s ]
INFO: Run Behavior\ParseTemplateBehavior [ RunTime:0.003216s ]
INFO: [ view_parse ] --END-- [ RunTime:0.003242s ]
INFO: [ view_filter ] --START--
INFO: Run Behavior\WriteHtmlCacheBehavior [ RunTime:0.000045s ]
INFO: [ view_filter ] --END-- [ RunTime:0.000068s ]
INFO: [ app_end ] --START--
INFO: Run Behavior\ShowPageTraceBehavior [ RunTime:0.000024s ]
INFO: [ app_end ] --END-- [ RunTime:0.000037s ]

[ 2018-06-01T08:59:24+08:00 ] 10.6.0.9 /tp/index.php?s=Admin/User/home
INFO: [ app_init ] --START--
INFO: Run Behavior\BuildLiteBehavior [ RunTime:0.000014s ]
INFO: [ app_init ] --END-- [ RunTime:0.000079s ]
INFO: [ app_begin ] --START--
INFO: Run Behavior\ReadHtmlCacheBehavior [ RunTime:0.000032s ]
INFO: [ app_begin ] --END-- [ RunTime:0.000050s ]
INFO: [ view_parse ] --START--
INFO: [ template_filter ] --START--
INFO: Run Behavior\ContentReplaceBehavior [ RunTime:0.000122s ]
INFO: [ template_filter ] --END-- [ RunTime:0.000150s ]
INFO: Run Behavior\ParseTemplateBehavior [ RunTime:0.003509s ]
INFO: [ view_parse ] --END-- [ RunTime:0.003533s ]
INFO: [ view_filter ] --START--
INFO: Run Behavior\WriteHtmlCacheBehavior [ RunTime:0.000038s ]
INFO: [ view_filter ] --END-- [ RunTime:0.000051s ]
INFO: [ app_end ] --START--
INFO: Run Behavior\ShowPageTraceBehavior [ RunTime:0.000027s ]
INFO: [ app_end ] --END-- [ RunTime:0.000040s ]

[ 2018-06-01T08:59:29+08:00 ] 10.6.0.9 /tp/index.php?s=/Admin/Teacher/shenhe_students
INFO: [ app_init ] --START--
INFO: Run Behavior\BuildLiteBehavior [ RunTime:0.000006s ]
INFO: [ app_init ] --END-- [ RunTime:0.000044s ]
INFO: [ app_begin ] --START--
INFO: Run Behavior\ReadHtmlCacheBehavior [ RunTime:0.000026s ]
INFO: [ app_begin ] --END-- [ RunTime:0.000039s ]
SQL: SHOW COLUMNS FROM `jifen_teacher` [ RunTime:0.0013s ]
SQL: SHOW COLUMNS FROM `jifen_lianjie1` [ RunTime:0.0015s ]
SQL: SELECT * FROM `jifen_teacher` WHERE ( tid = '00113' ) LIMIT 1   [ RunTime:0.0009s ]
SQL: SELECT * FROM `jifen_lianjie1` WHERE ( id = '1' )  [ RunTime:0.0010s ]
INFO: [ view_parse ] --START--
INFO: [ template_filter ] --START--
INFO: Run Behavior\ContentReplaceBehavior [ RunTime:0.000056s ]
INFO: [ template_filter ] --END-- [ RunTime:0.000081s ]
NOTIC: [8] Undefined variable: info /var/www/html/tp/Application/Runtime/Cache/Admin/69a596042fd4cd04f92bd4666a09686d.php 第 16 行.
NOTIC: [8] Undefined variable: info /var/www/html/tp/Application/Runtime/Cache/Admin/69a596042fd4cd04f92bd4666a09686d.php 第 20 行.
NOTIC: [8] Undefined variable: info /var/www/html/tp/Application/Runtime/Cache/Admin/69a596042fd4cd04f92bd4666a09686d.php 第 24 行.
NOTIC: [8] Undefined variable: ccname /var/www/html/tp/Application/Runtime/Cache/Admin/69a596042fd4cd04f92bd4666a09686d.php 第 29 行.
INFO: Run Behavior\ParseTemplateBehavior [ RunTime:0.002914s ]
INFO: [ view_parse ] --END-- [ RunTime:0.002946s ]
INFO: [ view_filter ] --START--
INFO: Run Behavior\WriteHtmlCacheBehavior [ RunTime:0.000076s ]
INFO: [ view_filter ] --END-- [ RunTime:0.000093s ]
INFO: [ app_end ] --START--
INFO: Run Behavior\ShowPageTraceBehavior [ RunTime:0.000038s ]
INFO: [ app_end ] --END-- [ RunTime:0.000052s ]

[ 2018-06-01T08:59:32+08:00 ] 10.6.0.9 /tp/index.php?s=/Admin/Teacher/shenhe_students
INFO: [ app_init ] --START--
INFO: Run Behavior\BuildLiteBehavior [ RunTime:0.000007s ]
INFO: [ app_init ] --END-- [ RunTime:0.000049s ]
INFO: [ app_begin ] --START--
INFO: Run Behavior\ReadHtmlCacheBehavior [ RunTime:0.000029s ]
INFO: [ app_begin ] --END-- [ RunTime:0.000045s ]
SQL: SHOW COLUMNS FROM `jifen_student` [ RunTime:0.0014s ]
SQL: SHOW COLUMNS FROM `jifen_class` [ RunTime:0.0011s ]
SQL: SHOW COLUMNS FROM `jifen_lianjie1` [ RunTime:0.0020s ]
SQL: SELECT `cid` FROM `jifen_class` WHERE ( cname = '数据库一班' ) LIMIT 1   [ RunTime:0.0010s ]
SQL: SELECT * FROM `jifen_lianjie1` WHERE ( cid = '2' ) LIMIT 1   [ RunTime:0.0016s ]
SQL: SELECT * FROM `jifen_student` WHERE ( cid = '2' )  [ RunTime:0.0010s ]
INFO: [ view_parse ] --START--
INFO: [ template_filter ] --START--
INFO: Run Behavior\ContentReplaceBehavior [ RunTime:0.000059s ]
INFO: [ template_filter ] --END-- [ RunTime:0.000083s ]
INFO: Run Behavior\ParseTemplateBehavior [ RunTime:0.003475s ]
INFO: [ view_parse ] --END-- [ RunTime:0.003532s ]
INFO: [ view_filter ] --START--
INFO: Run Behavior\WriteHtmlCacheBehavior [ RunTime:0.000119s ]
INFO: [ view_filter ] --END-- [ RunTime:0.000135s ]
INFO: [ app_end ] --START--
INFO: Run Behavior\ShowPageTraceBehavior [ RunTime:0.000052s ]
INFO: [ app_end ] --END-- [ RunTime:0.000067s ]

[ 2018-06-01T08:59:33+08:00 ] 10.6.0.9 /tp/index.php?s=/Admin/Teacher/shenhe_showList2
INFO: [ app_init ] --START--
INFO: Run Behavior\BuildLiteBehavior [ RunTime:0.000007s ]
INFO: [ app_init ] --END-- [ RunTime:0.000047s ]
INFO: [ app_begin ] --START--
INFO: Run Behavior\ReadHtmlCacheBehavior [ RunTime:0.000026s ]
INFO: [ app_begin ] --END-- [ RunTime:0.000053s ]
SQL: SHOW COLUMNS FROM `jifen_shenhe` [ RunTime:0.0018s ]
SQL: SELECT * FROM `jifen_shenhe`  [ RunTime:0.0017s ]
INFO: [ view_parse ] --START--
INFO: [ template_filter ] --START--
INFO: Run Behavior\ContentReplaceBehavior [ RunTime:0.000080s ]
INFO: [ template_filter ] --END-- [ RunTime:0.000109s ]
NOTIC: [8] Undefined variable: sum /var/www/html/tp/Application/Runtime/Cache/Admin/d5b51fab7ce6b9c148b7bf42c564696e.php 第 40 行.
NOTIC: [8] Undefined index: ttid /var/www/html/tp/Application/Runtime/Cache/Admin/d5b51fab7ce6b9c148b7bf42c564696e.php 第 42 行.
NOTIC: [8] Undefined variable: sum /var/www/html/tp/Application/Runtime/Cache/Admin/d5b51fab7ce6b9c148b7bf42c564696e.php 第 40 行.
NOTIC: [8] Undefined index: ttid /var/www/html/tp/Application/Runtime/Cache/Admin/d5b51fab7ce6b9c148b7bf42c564696e.php 第 42 行.
NOTIC: [8] Undefined variable: sum /var/www/html/tp/Application/Runtime/Cache/Admin/d5b51fab7ce6b9c148b7bf42c564696e.php 第 40 行.
NOTIC: [8] Undefined index: ttid /var/www/html/tp/Application/Runtime/Cache/Admin/d5b51fab7ce6b9c148b7bf42c564696e.php 第 42 行.
NOTIC: [8] Undefined variable: sum /var/www/html/tp/Application/Runtime/Cache/Admin/d5b51fab7ce6b9c148b7bf42c564696e.php 第 40 行.
NOTIC: [8] Undefined index: ttid /var/www/html/tp/Application/Runtime/Cache/Admin/d5b51fab7ce6b9c148b7bf42c564696e.php 第 42 行.
NOTIC: [8] Undefined variable: sum /var/www/html/tp/Application/Runtime/Cache/Admin/d5b51fab7ce6b9c148b7bf42c564696e.php 第 40 行.
NOTIC: [8] Undefined index: ttid /var/www/html/tp/Application/Runtime/Cache/Admin/d5b51fab7ce6b9c148b7bf42c564696e.php 第 42 行.
INFO: Run Behavior\ParseTemplateBehavior [ RunTime:0.002437s ]
INFO: [ view_parse ] --END-- [ RunTime:0.002981s ]
INFO: [ view_filter ] --START--
INFO: Run Behavior\WriteHtmlCacheBehavior [ RunTime:0.000042s ]
INFO: [ view_filter ] --END-- [ RunTime:0.000053s ]
INFO: [ app_end ] --START--
INFO: Run Behavior\ShowPageTraceBehavior [ RunTime:0.000023s ]
INFO: [ app_end ] --END-- [ RunTime:0.000033s ]

[ 2018-06-01T08:59:36+08:00 ] 10.6.0.9 /tp/index.php?s=/Admin/Teacher/shenhe_test/id/164804109
INFO: [ app_init ] --START--
INFO: Run Behavior\BuildLiteBehavior [ RunTime:0.000007s ]
INFO: [ app_init ] --END-- [ RunTime:0.000042s ]
INFO: [ app_begin ] --START--
INFO: Run Behavior\ReadHtmlCacheBehavior [ RunTime:0.000025s ]
INFO: [ app_begin ] --END-- [ RunTime:0.000038s ]
INFO: [ view_parse ] --START--
INFO: [ template_filter ] --START--
INFO: Run Behavior\ContentReplaceBehavior [ RunTime:0.000021s ]
INFO: [ template_filter ] --END-- [ RunTime:0.000034s ]
INFO: Run Behavior\ParseTemplateBehavior [ RunTime:0.000845s ]
INFO: [ view_parse ] --END-- [ RunTime:0.000861s ]
INFO: [ view_filter ] --START--
INFO: Run Behavior\WriteHtmlCacheBehavior [ RunTime:0.000029s ]
INFO: [ view_filter ] --END-- [ RunTime:0.000036s ]
INFO: [ app_end ] --START--
INFO: Run Behavior\ShowPageTraceBehavior [ RunTime:0.000021s ]
INFO: [ app_end ] --END-- [ RunTime:0.000030s ]

[ 2018-06-01T08:59:37+08:00 ] 10.6.0.9 /tp/index.php?s=/Admin/Teacher/shenhe_showList4
INFO: [ app_init ] --START--
INFO: Run Behavior\BuildLiteBehavior [ RunTime:0.000008s ]
INFO: [ app_init ] --END-- [ RunTime:0.000052s ]
INFO: [ app_begin ] --START--
INFO: Run Behavior\ReadHtmlCacheBehavior [ RunTime:0.000030s ]
INFO: [ app_begin ] --END-- [ RunTime:0.000046s ]
SQL: SHOW COLUMNS FROM `jifen_detail` [ RunTime:0.0015s ]
SQL: SELECT * FROM `jifen_detail` WHERE ( stid = '164804109' ) ORDER BY did desc  [ RunTime:0.0018s ]
INFO: [ view_parse ] --START--
INFO: [ template_filter ] --START--
INFO: Run Behavior\ContentReplaceBehavior [ RunTime:0.000047s ]
INFO: [ template_filter ] --END-- [ RunTime:0.000062s ]
INFO: Run Behavior\ParseTemplateBehavior [ RunTime:0.001777s ]
INFO: [ view_parse ] --END-- [ RunTime:0.001796s ]
INFO: [ view_filter ] --START--
INFO: Run Behavior\WriteHtmlCacheBehavior [ RunTime:0.000027s ]
INFO: [ view_filter ] --END-- [ RunTime:0.000036s ]
INFO: [ app_end ] --START--
INFO: Run Behavior\ShowPageTraceBehavior [ RunTime:0.000019s ]
INFO: [ app_end ] --END-- [ RunTime:0.000028s ]

[ 2018-06-01T08:59:38+08:00 ] 10.6.0.9 /tp/index.php?s=/Admin/Teacher/tongguo1/id/43
INFO: [ app_init ] --START--
INFO: Run Behavior\BuildLiteBehavior [ RunTime:0.000007s ]
INFO: [ app_init ] --END-- [ RunTime:0.000046s ]
INFO: [ app_begin ] --START--
INFO: Run Behavior\ReadHtmlCacheBehavior [ RunTime:0.000022s ]
INFO: [ app_begin ] --END-- [ RunTime:0.000034s ]
SQL: SHOW COLUMNS FROM `jifen_score` [ RunTime:0.0017s ]
SQL: SHOW COLUMNS FROM `jifen_detail` [ RunTime:0.0013s ]
SQL: SELECT * FROM `jifen_detail` WHERE ( did = '43' ) LIMIT 1   [ RunTime:0.0011s ]
SQL: SELECT * FROM `jifen_score` WHERE ( stid = '164804109' ) LIMIT 1   [ RunTime:0.0023s ]
SQL: UPDATE `jifen_score` SET `stid`='164804109',`flevel`='22',`slevel`='5',`tlevel`='3' WHERE ( stid = '164804109' ) [ RunTime:0.0013s ]
SQL: UPDATE `jifen_detail` SET `did`='43',`sqtime`='2018-05-28 17:14:04',`stid`='164804109',`fid`='1',`sid`='1',`tid`='1',`filename`='t01863c6e527b74456b.jpg',`filepath`='/',`sqscore`='2',`hdscore`='2',`shtime`='2018-06-01 08:59:38',`state`='1' WHERE ( did = '43' ) [ RunTime:0.0016s ]
INFO: [ view_parse ] --START--
INFO: [ template_filter ] --START--
INFO: Run Behavior\ContentReplaceBehavior [ RunTime:0.000039s ]
INFO: [ template_filter ] --END-- [ RunTime:0.000062s ]
INFO: Run Behavior\ParseTemplateBehavior [ RunTime:0.001378s ]
INFO: [ view_parse ] --END-- [ RunTime:0.001414s ]
INFO: [ view_filter ] --START--
INFO: Run Behavior\WriteHtmlCacheBehavior [ RunTime:0.000040s ]
INFO: [ view_filter ] --END-- [ RunTime:0.000055s ]
INFO: [ app_end ] --START--
INFO: Run Behavior\ShowPageTraceBehavior [ RunTime:0.000025s ]
INFO: [ app_end ] --END-- [ RunTime:0.000037s ]

[ 2018-06-01T08:59:39+08:00 ] 10.6.0.9 /tp/index.php?s=/Admin/Teacher/shenhe_showList4
INFO: [ app_init ] --START--
INFO: Run Behavior\BuildLiteBehavior [ RunTime:0.000007s ]
INFO: [ app_init ] --END-- [ RunTime:0.000045s ]
INFO: [ app_begin ] --START--
INFO: Run Behavior\ReadHtmlCacheBehavior [ RunTime:0.000027s ]
INFO: [ app_begin ] --END-- [ RunTime:0.000039s ]
SQL: SHOW COLUMNS FROM `jifen_detail` [ RunTime:0.0016s ]
SQL: SELECT * FROM `jifen_detail` WHERE ( stid = '164804109' ) ORDER BY did desc  [ RunTime:0.0011s ]
INFO: [ view_parse ] --START--
INFO: [ template_filter ] --START--
INFO: Run Behavior\ContentReplaceBehavior [ RunTime:0.000046s ]
INFO: [ template_filter ] --END-- [ RunTime:0.000063s ]
INFO: Run Behavior\ParseTemplateBehavior [ RunTime:0.002983s ]
INFO: [ view_parse ] --END-- [ RunTime:0.003002s ]
INFO: [ view_filter ] --START--
INFO: Run Behavior\WriteHtmlCacheBehavior [ RunTime:0.000034s ]
INFO: [ view_filter ] --END-- [ RunTime:0.000043s ]
INFO: [ app_end ] --START--
INFO: Run Behavior\ShowPageTraceBehavior [ RunTime:0.000023s ]
INFO: [ app_end ] --END-- [ RunTime:0.000031s ]

[ 2018-06-01T08:59:40+08:00 ] 10.6.0.9 /tp/index.php?s=/Admin/Teacher/zuofei1/id/42
INFO: [ app_init ] --START--
INFO: Run Behavior\BuildLiteBehavior [ RunTime:0.000007s ]
INFO: [ app_init ] --END-- [ RunTime:0.000050s ]
INFO: [ app_begin ] --START--
INFO: Run Behavior\ReadHtmlCacheBehavior [ RunTime:0.000028s ]
INFO: [ app_begin ] --END-- [ RunTime:0.000044s ]
SQL: SHOW COLUMNS FROM `jifen_detail` [ RunTime:0.0024s ]
SQL: UPDATE `jifen_detail` SET `shtime`='2018-06-01 08:59:40',`state`='-1',`hdscore`='0' WHERE ( did = '42' ) [ RunTime:0.0022s ]
INFO: [ view_parse ] --START--
INFO: [ template_filter ] --START--
INFO: Run Behavior\ContentReplaceBehavior [ RunTime:0.000029s ]
INFO: [ template_filter ] --END-- [ RunTime:0.000045s ]
INFO: Run Behavior\ParseTemplateBehavior [ RunTime:0.000949s ]
INFO: [ view_parse ] --END-- [ RunTime:0.000968s ]
INFO: [ view_filter ] --START--
INFO: Run Behavior\WriteHtmlCacheBehavior [ RunTime:0.000026s ]
INFO: [ view_filter ] --END-- [ RunTime:0.000035s ]
INFO: [ app_end ] --START--
INFO: Run Behavior\ShowPageTraceBehavior [ RunTime:0.000019s ]
INFO: [ app_end ] --END-- [ RunTime:0.000028s ]

[ 2018-06-01T08:59:42+08:00 ] 10.6.0.9 /tp/index.php?s=/Admin/Teacher/shenhe_showList4
INFO: [ app_init ] --START--
INFO: Run Behavior\BuildLiteBehavior [ RunTime:0.000009s ]
INFO: [ app_init ] --END-- [ RunTime:0.000056s ]
INFO: [ app_begin ] --START--
INFO: Run Behavior\ReadHtmlCacheBehavior [ RunTime:0.000036s ]
INFO: [ app_begin ] --END-- [ RunTime:0.000055s ]
SQL: SHOW COLUMNS FROM `jifen_detail` [ RunTime:0.0016s ]
SQL: SELECT * FROM `jifen_detail` WHERE ( stid = '164804109' ) ORDER BY did desc  [ RunTime:0.0013s ]
INFO: [ view_parse ] --START--
INFO: [ template_filter ] --START--
INFO: Run Behavior\ContentReplaceBehavior [ RunTime:0.000065s ]
INFO: [ template_filter ] --END-- [ RunTime:0.000087s ]
INFO: Run Behavior\ParseTemplateBehavior [ RunTime:0.002387s ]
INFO: [ view_parse ] --END-- [ RunTime:0.002413s ]
INFO: [ view_filter ] --START--
INFO: Run Behavior\WriteHtmlCacheBehavior [ RunTime:0.000047s ]
INFO: [ view_filter ] --END-- [ RunTime:0.000059s ]
INFO: [ app_end ] --START--
INFO: Run Behavior\ShowPageTraceBehavior [ RunTime:0.000033s ]
INFO: [ app_end ] --END-- [ RunTime:0.000045s ]

[ 2018-06-01T09:21:26+08:00 ] 10.6.0.9 /tp/admin.php
INFO: [ app_init ] --START--
INFO: Run Behavior\BuildLiteBehavior [ RunTime:0.000013s ]
INFO: [ app_init ] --END-- [ RunTime:0.000297s ]
INFO: [ app_begin ] --START--
INFO: Run Behavior\ReadHtmlCacheBehavior [ RunTime:0.000047s ]
INFO: [ app_begin ] --END-- [ RunTime:0.000067s ]
INFO: [ view_parse ] --START--
INFO: [ template_filter ] --START--
INFO: Run Behavior\ContentReplaceBehavior [ RunTime:0.000039s ]
INFO: [ template_filter ] --END-- [ RunTime:0.000054s ]
INFO: Run Behavior\ParseTemplateBehavior [ RunTime:0.001157s ]
INFO: [ view_parse ] --END-- [ RunTime:0.001173s ]
INFO: [ view_filter ] --START--
INFO: Run Behavior\WriteHtmlCacheBehavior [ RunTime:0.000029s ]
INFO: [ view_filter ] --END-- [ RunTime:0.000037s ]
INFO: [ app_end ] --START--
INFO: Run Behavior\ShowPageTraceBehavior [ RunTime:0.000022s ]
INFO: [ app_end ] --END-- [ RunTime:0.000030s ]

[ 2018-06-01T09:21:26+08:00 ] 10.6.0.9 /tp/index.php?s=/Admin/Index/captcha
INFO: [ app_init ] --START--
INFO: Run Behavior\BuildLiteBehavior [ RunTime:0.000007s ]
INFO: [ app_init ] --END-- [ RunTime:0.000044s ]
INFO: [ app_begin ] --START--
INFO: Run Behavior\ReadHtmlCacheBehavior [ RunTime:0.000023s ]
INFO: [ app_begin ] --END-- [ RunTime:0.000036s ]
INFO: [ app_end ] --START--
INFO: Run Behavior\ShowPageTraceBehavior [ RunTime:0.000041s ]
INFO: [ app_end ] --END-- [ RunTime:0.000064s ]

[ 2018-06-01T09:24:08+08:00 ] 10.6.0.9 /tp/index.php?s=/Admin/Index/captcha/t/0.6787938740629613
INFO: [ app_init ] --START--
INFO: Run Behavior\BuildLiteBehavior [ RunTime:0.000007s ]
INFO: [ app_init ] --END-- [ RunTime:0.000043s ]
INFO: [ app_begin ] --START--
INFO: Run Behavior\ReadHtmlCacheBehavior [ RunTime:0.000031s ]
INFO: [ app_begin ] --END-- [ RunTime:0.000044s ]
INFO: [ app_end ] --START--
INFO: Run Behavior\ShowPageTraceBehavior [ RunTime:0.000076s ]
INFO: [ app_end ] --END-- [ RunTime:0.000111s ]

[ 2018-06-01T09:24:14+08:00 ] 10.6.0.9 /tp/index.php?s=/Admin/Index/checkLogin
INFO: [ app_init ] --START--
INFO: Run Behavior\BuildLiteBehavior [ RunTime:0.000013s ]
INFO: [ app_init ] --END-- [ RunTime:0.000101s ]
INFO: [ app_begin ] --START--
INFO: Run Behavior\ReadHtmlCacheBehavior [ RunTime:0.000045s ]
INFO: [ app_begin ] --END-- [ RunTime:0.000066s ]
SQL: SHOW COLUMNS FROM `jifen_teacher` [ RunTime:0.0016s ]
SQL: SELECT * FROM `jifen_teacher` WHERE `password` = '123456' LIMIT 1   [ RunTime:0.0010s ]
NOTIC: [8] Undefined index: tid /var/www/html/tp/Application/Admin/Controller/IndexController.class.php 第 38 行.
NOTIC: [2] Use of undefined constant tname - assumed 'tname' (this will throw an Error in a future version of PHP) /var/www/html/tp/Application/Admin/Controller/IndexController.class.php 第 38 行.
SQL: SELECT * FROM `jifen_teacher` WHERE `ttid` = 0  [ RunTime:0.0010s ]
INFO: [ view_parse ] --START--
INFO: [ template_filter ] --START--
INFO: Run Behavior\ContentReplaceBehavior [ RunTime:0.000045s ]
INFO: [ template_filter ] --END-- [ RunTime:0.000069s ]
INFO: Run Behavior\ParseTemplateBehavior [ RunTime:0.002437s ]
INFO: [ view_parse ] --END-- [ RunTime:0.002467s ]
INFO: [ view_filter ] --START--
INFO: Run Behavior\WriteHtmlCacheBehavior [ RunTime:0.000047s ]
INFO: [ view_filter ] --END-- [ RunTime:0.000060s ]

[ 2018-06-01T09:24:18+08:00 ] 10.6.0.9 /tp/index.php?s=/Admin/Index/captcha/t/0.7944260412800779
INFO: [ app_init ] --START--
INFO: Run Behavior\BuildLiteBehavior [ RunTime:0.000015s ]
INFO: [ app_init ] --END-- [ RunTime:0.000081s ]
INFO: [ app_begin ] --START--
INFO: Run Behavior\ReadHtmlCacheBehavior [ RunTime:0.000042s ]
INFO: [ app_begin ] --END-- [ RunTime:0.000057s ]
INFO: [ app_end ] --START--
INFO: Run Behavior\ShowPageTraceBehavior [ RunTime:0.000038s ]
INFO: [ app_end ] --END-- [ RunTime:0.000056s ]

[ 2018-06-01T09:24:23+08:00 ] 10.6.0.9 /tp/index.php?s=/Admin/Index/checkLogin
INFO: [ app_init ] --START--
INFO: Run Behavior\BuildLiteBehavior [ RunTime:0.000007s ]
INFO: [ app_init ] --END-- [ RunTime:0.000042s ]
INFO: [ app_begin ] --START--
INFO: Run Behavior\ReadHtmlCacheBehavior [ RunTime:0.000025s ]
INFO: [ app_begin ] --END-- [ RunTime:0.000038s ]
SQL: SHOW COLUMNS FROM `jifen_teacher` [ RunTime:0.0014s ]
SQL: SELECT * FROM `jifen_teacher` WHERE `password` = '1' LIMIT 1   [ RunTime:0.0010s ]
NOTIC: [8] Undefined index: tid /var/www/html/tp/Application/Admin/Controller/IndexController.class.php 第 38 行.
NOTIC: [2] Use of undefined constant tname - assumed 'tname' (this will throw an Error in a future version of PHP) /var/www/html/tp/Application/Admin/Controller/IndexController.class.php 第 38 行.
SQL: SELECT * FROM `jifen_teacher` WHERE `ttid` = 0  [ RunTime:0.0014s ]
INFO: [ view_parse ] --START--
INFO: [ template_filter ] --START--
INFO: Run Behavior\ContentReplaceBehavior [ RunTime:0.000038s ]
INFO: [ template_filter ] --END-- [ RunTime:0.000053s ]
INFO: Run Behavior\ParseTemplateBehavior [ RunTime:0.001359s ]
INFO: [ view_parse ] --END-- [ RunTime:0.001377s ]
INFO: [ view_filter ] --START--
INFO: Run Behavior\WriteHtmlCacheBehavior [ RunTime:0.000038s ]
INFO: [ view_filter ] --END-- [ RunTime:0.000051s ]

[ 2018-06-01T09:24:24+08:00 ] 10.6.0.9 /tp/index.php?s=/Admin/Index/captcha
INFO: [ app_init ] --START--
INFO: Run Behavior\BuildLiteBehavior [ RunTime:0.000007s ]
INFO: [ app_init ] --END-- [ RunTime:0.000040s ]
INFO: [ app_begin ] --START--
INFO: Run Behavior\ReadHtmlCacheBehavior [ RunTime:0.000039s ]
INFO: [ app_begin ] --END-- [ RunTime:0.000053s ]
INFO: [ app_end ] --START--
INFO: Run Behavior\ShowPageTraceBehavior [ RunTime:0.000035s ]
INFO: [ app_end ] --END-- [ RunTime:0.000053s ]

[ 2018-06-01T09:24:31+08:00 ] 10.6.0.9 /tp/index.php?s=/Admin/Index/captcha/t/0.803921601479874
INFO: [ app_init ] --START--
INFO: Run Behavior\BuildLiteBehavior [ RunTime:0.000012s ]
INFO: [ app_init ] --END-- [ RunTime:0.000104s ]
INFO: [ app_begin ] --START--
INFO: Run Behavior\ReadHtmlCacheBehavior [ RunTime:0.000050s ]
INFO: [ app_begin ] --END-- [ RunTime:0.000075s ]
INFO: [ app_end ] --START--
INFO: Run Behavior\ShowPageTraceBehavior [ RunTime:0.000051s ]
INFO: [ app_end ] --END-- [ RunTime:0.000074s ]

[ 2018-06-01T09:24:37+08:00 ] 10.6.0.9 /tp/index.php?s=/Admin/Index/checkLogin
INFO: [ app_init ] --START--
INFO: Run Behavior\BuildLiteBehavior [ RunTime:0.000006s ]
INFO: [ app_init ] --END-- [ RunTime:0.000039s ]
INFO: [ app_begin ] --START--
INFO: Run Behavior\ReadHtmlCacheBehavior [ RunTime:0.000029s ]
INFO: [ app_begin ] --END-- [ RunTime:0.000042s ]
SQL: SHOW COLUMNS FROM `jifen_teacher` [ RunTime:0.0015s ]
SQL: SELECT * FROM `jifen_teacher` WHERE `password` = '111111' LIMIT 1   [ RunTime:0.0009s ]
NOTIC: [8] Undefined index: tid /var/www/html/tp/Application/Admin/Controller/IndexController.class.php 第 38 行.
NOTIC: [2] Use of undefined constant tname - assumed 'tname' (this will throw an Error in a future version of PHP) /var/www/html/tp/Application/Admin/Controller/IndexController.class.php 第 38 行.
SQL: SELECT * FROM `jifen_teacher` WHERE `ttid` = 0  [ RunTime:0.0008s ]
INFO: [ view_parse ] --START--
INFO: [ template_filter ] --START--
INFO: Run Behavior\ContentReplaceBehavior [ RunTime:0.000059s ]
INFO: [ template_filter ] --END-- [ RunTime:0.000086s ]
INFO: Run Behavior\ParseTemplateBehavior [ RunTime:0.001861s ]
INFO: [ view_parse ] --END-- [ RunTime:0.001890s ]
INFO: [ view_filter ] --START--
INFO: Run Behavior\WriteHtmlCacheBehavior [ RunTime:0.000057s ]
INFO: [ view_filter ] --END-- [ RunTime:0.000070s ]
INFO: [ app_end ] --START--
INFO: Run Behavior\ShowPageTraceBehavior [ RunTime:0.000042s ]
INFO: [ app_end ] --END-- [ RunTime:0.000055s ]

[ 2018-06-01T09:24:38+08:00 ] 10.6.0.9 /tp/index.php?s=/Admin/User/index
INFO: [ app_init ] --START--
INFO: Run Behavior\BuildLiteBehavior [ RunTime:0.000008s ]
INFO: [ app_init ] --END-- [ RunTime:0.000055s ]
INFO: [ app_begin ] --START--
INFO: Run Behavior\ReadHtmlCacheBehavior [ RunTime:0.000027s ]
INFO: [ app_begin ] --END-- [ RunTime:0.000043s ]
INFO: [ view_parse ] --START--
INFO: [ template_filter ] --START--
INFO: Run Behavior\ContentReplaceBehavior [ RunTime:0.000056s ]
INFO: [ template_filter ] --END-- [ RunTime:0.000075s ]
INFO: Run Behavior\ParseTemplateBehavior [ RunTime:0.001632s ]
INFO: [ view_parse ] --END-- [ RunTime:0.001671s ]
INFO: [ view_filter ] --START--
INFO: Run Behavior\WriteHtmlCacheBehavior [ RunTime:0.000031s ]
INFO: [ view_filter ] --END-- [ RunTime:0.000042s ]
INFO: [ app_end ] --START--
INFO: Run Behavior\ShowPageTraceBehavior [ RunTime:0.000026s ]
INFO: [ app_end ] --END-- [ RunTime:0.000037s ]

[ 2018-06-01T09:24:38+08:00 ] 10.6.0.9 /tp/index.php?s=Admin/User/home
INFO: [ app_init ] --START--
INFO: Run Behavior\BuildLiteBehavior [ RunTime:0.000006s ]
INFO: [ app_init ] --END-- [ RunTime:0.000043s ]
INFO: [ app_begin ] --START--
INFO: Run Behavior\ReadHtmlCacheBehavior [ RunTime:0.000021s ]
INFO: [ app_begin ] --END-- [ RunTime:0.000034s ]
INFO: [ view_parse ] --START--
INFO: [ template_filter ] --START--
INFO: Run Behavior\ContentReplaceBehavior [ RunTime:0.000078s ]
INFO: [ template_filter ] --END-- [ RunTime:0.000095s ]
INFO: Run Behavior\ParseTemplateBehavior [ RunTime:0.002170s ]
INFO: [ view_parse ] --END-- [ RunTime:0.002187s ]
INFO: [ view_filter ] --START--
INFO: Run Behavior\WriteHtmlCacheBehavior [ RunTime:0.000026s ]
INFO: [ view_filter ] --END-- [ RunTime:0.000034s ]
INFO: [ app_end ] --START--
INFO: Run Behavior\ShowPageTraceBehavior [ RunTime:0.000019s ]
INFO: [ app_end ] --END-- [ RunTime:0.000028s ]

[ 2018-06-01T09:57:59+08:00 ] 10.6.0.9 /tp/index.php?s=/Admin/Teacher/student_showList
INFO: [ app_init ] --START--
INFO: Run Behavior\BuildLiteBehavior [ RunTime:0.000007s ]
INFO: [ app_init ] --END-- [ RunTime:0.000050s ]
INFO: [ app_begin ] --START--
INFO: Run Behavior\ReadHtmlCacheBehavior [ RunTime:0.000033s ]
INFO: [ app_begin ] --END-- [ RunTime:0.000047s ]
SQL: SHOW COLUMNS FROM `jifen_student` [ RunTime:0.0014s ]
SQL: SELECT * FROM `jifen_student` ORDER BY cid asc  [ RunTime:0.0013s ]
INFO: [ view_parse ] --START--
INFO: [ template_filter ] --START--
INFO: Run Behavior\ContentReplaceBehavior [ RunTime:0.000064s ]
INFO: [ template_filter ] --END-- [ RunTime:0.000099s ]
INFO: Run Behavior\ParseTemplateBehavior [ RunTime:0.004285s ]
INFO: [ view_parse ] --END-- [ RunTime:0.004312s ]
INFO: [ view_filter ] --START--
INFO: Run Behavior\WriteHtmlCacheBehavior [ RunTime:0.000066s ]
INFO: [ view_filter ] --END-- [ RunTime:0.000075s ]
INFO: [ app_end ] --START--
INFO: Run Behavior\ShowPageTraceBehavior [ RunTime:0.000032s ]
INFO: [ app_end ] --END-- [ RunTime:0.000041s ]

[ 2018-06-01T09:58:05+08:00 ] 10.6.0.9 /tp/index.php?s=/Admin/Teacher/teacher_showList
INFO: [ app_init ] --START--
INFO: Run Behavior\BuildLiteBehavior [ RunTime:0.000006s ]
INFO: [ app_init ] --END-- [ RunTime:0.000039s ]
INFO: [ app_begin ] --START--
INFO: Run Behavior\ReadHtmlCacheBehavior [ RunTime:0.000034s ]
INFO: [ app_begin ] --END-- [ RunTime:0.000047s ]
SQL: SHOW COLUMNS FROM `jifen_teacher` [ RunTime:0.0015s ]
SQL: SELECT * FROM `jifen_teacher`  [ RunTime:0.0013s ]
INFO: [ view_parse ] --START--
INFO: [ template_filter ] --START--
INFO: Run Behavior\ContentReplaceBehavior [ RunTime:0.000070s ]
INFO: [ template_filter ] --END-- [ RunTime:0.000112s ]
INFO: Run Behavior\ParseTemplateBehavior [ RunTime:0.005736s ]
INFO: [ view_parse ] --END-- [ RunTime:0.005766s ]
INFO: [ view_filter ] --START--
INFO: Run Behavior\WriteHtmlCacheBehavior [ RunTime:0.000057s ]
INFO: [ view_filter ] --END-- [ RunTime:0.000069s ]
INFO: [ app_end ] --START--
INFO: Run Behavior\ShowPageTraceBehavior [ RunTime:0.000038s ]
INFO: [ app_end ] --END-- [ RunTime:0.000050s ]

